{"C:\\Users\\bizzh\\Music\\venkatesh-personal\\ReactTesting\\src\\App.tsx": {"path":"C:\\Users\\bizzh\\Music\\venkatesh-personal\\ReactTesting\\src\\App.tsx","statementMap":{"0":{"start":{"line":22,"column":2},"end":{"line":100,"column":null}}},"fnMap":{"0":{"name":"App","decl":{"start":{"line":21,"column":9},"end":{"line":21,"column":15}},"loc":{"start":{"line":21,"column":15},"end":{"line":102,"column":null}},"line":21}},"branchMap":{},"s":{"0":0},"f":{"0":0},"b":{},"meta":{"lastBranch":0,"lastFunction":1,"lastStatement":1,"seen":{"f:21:9:21:15":0,"s:22:2:100:Infinity":0}}}
,"C:\\Users\\bizzh\\Music\\venkatesh-personal\\ReactTesting\\src\\App2.tsx": {"path":"C:\\Users\\bizzh\\Music\\venkatesh-personal\\ReactTesting\\src\\App2.tsx","statementMap":{"0":{"start":{"line":16,"column":24},"end":{"line":16,"column":null}},"1":{"start":{"line":18,"column":16},"end":{"line":18,"column":null}},"2":{"start":{"line":19,"column":16},"end":{"line":19,"column":null}},"3":{"start":{"line":20,"column":16},"end":{"line":20,"column":null}},"4":{"start":{"line":21,"column":15},"end":{"line":21,"column":null}},"5":{"start":{"line":22,"column":15},"end":{"line":22,"column":null}},"6":{"start":{"line":23,"column":15},"end":{"line":23,"column":null}},"7":{"start":{"line":24,"column":16},"end":{"line":24,"column":null}},"8":{"start":{"line":25,"column":14},"end":{"line":25,"column":null}},"9":{"start":{"line":26,"column":12},"end":{"line":26,"column":null}},"10":{"start":{"line":27,"column":2},"end":{"line":39,"column":null}},"11":{"start":{"line":40,"column":15},"end":{"line":40,"column":null}},"12":{"start":{"line":41,"column":22},"end":{"line":41,"column":null}},"13":{"start":{"line":42,"column":22},"end":{"line":42,"column":null}},"14":{"start":{"line":43,"column":2},"end":{"line":94,"column":null}},"15":{"start":{"line":51,"column":25},"end":{"line":51,"column":null}},"16":{"start":{"line":57,"column":25},"end":{"line":57,"column":null}},"17":{"start":{"line":63,"column":25},"end":{"line":63,"column":null}}},"fnMap":{"0":{"name":"App2","decl":{"start":{"line":15,"column":9},"end":{"line":15,"column":16}},"loc":{"start":{"line":15,"column":16},"end":{"line":96,"column":null}},"line":15},"1":{"name":"(anonymous_1)","decl":{"start":{"line":51,"column":19},"end":{"line":51,"column":25}},"loc":{"start":{"line":51,"column":25},"end":{"line":51,"column":null}},"line":51},"2":{"name":"(anonymous_2)","decl":{"start":{"line":57,"column":19},"end":{"line":57,"column":25}},"loc":{"start":{"line":57,"column":25},"end":{"line":57,"column":null}},"line":57},"3":{"name":"(anonymous_3)","decl":{"start":{"line":63,"column":19},"end":{"line":63,"column":25}},"loc":{"start":{"line":63,"column":25},"end":{"line":63,"column":null}},"line":63}},"branchMap":{},"s":{"0":18,"1":18,"2":18,"3":18,"4":18,"5":18,"6":18,"7":18,"8":18,"9":18,"10":18,"11":18,"12":18,"13":18,"14":18,"15":9,"16":1,"17":1},"f":{"0":18,"1":9,"2":1,"3":1},"b":{},"meta":{"lastBranch":0,"lastFunction":4,"lastStatement":18,"seen":{"f:15:9:15:16":0,"s:16:24:16:Infinity":0,"s:18:16:18:Infinity":1,"s:19:16:19:Infinity":2,"s:20:16:20:Infinity":3,"s:21:15:21:Infinity":4,"s:22:15:22:Infinity":5,"s:23:15:23:Infinity":6,"s:24:16:24:Infinity":7,"s:25:14:25:Infinity":8,"s:26:12:26:Infinity":9,"s:27:2:39:Infinity":10,"s:40:15:40:Infinity":11,"s:41:22:41:Infinity":12,"s:42:22:42:Infinity":13,"s:43:2:94:Infinity":14,"f:51:19:51:25":1,"s:51:25:51:Infinity":15,"f:57:19:57:25":2,"s:57:25:57:Infinity":16,"f:63:19:63:25":3,"s:63:25:63:Infinity":17}}}
,"C:\\Users\\bizzh\\Music\\venkatesh-personal\\ReactTesting\\src\\components\\AddUserForm.tsx": {"path":"C:\\Users\\bizzh\\Music\\venkatesh-personal\\ReactTesting\\src\\components\\AddUserForm.tsx","statementMap":{"0":{"start":{"line":10,"column":22},"end":{"line":10,"column":null}},"1":{"start":{"line":11,"column":24},"end":{"line":11,"column":null}},"2":{"start":{"line":12,"column":22},"end":{"line":12,"column":null}},"3":{"start":{"line":13,"column":28},"end":{"line":13,"column":null}},"4":{"start":{"line":14,"column":24},"end":{"line":14,"column":null}},"5":{"start":{"line":16,"column":23},"end":{"line":41,"column":null}},"6":{"start":{"line":17,"column":4},"end":{"line":17,"column":null}},"7":{"start":{"line":19,"column":4},"end":{"line":22,"column":null}},"8":{"start":{"line":20,"column":6},"end":{"line":20,"column":null}},"9":{"start":{"line":21,"column":6},"end":{"line":21,"column":null}},"10":{"start":{"line":24,"column":4},"end":{"line":40,"column":null}},"11":{"start":{"line":25,"column":6},"end":{"line":25,"column":null}},"12":{"start":{"line":26,"column":6},"end":{"line":26,"column":null}},"13":{"start":{"line":27,"column":6},"end":{"line":27,"column":null}},"14":{"start":{"line":30,"column":6},"end":{"line":30,"column":null}},"15":{"start":{"line":31,"column":6},"end":{"line":31,"column":null}},"16":{"start":{"line":32,"column":6},"end":{"line":32,"column":null}},"17":{"start":{"line":35,"column":6},"end":{"line":35,"column":null}},"18":{"start":{"line":37,"column":6},"end":{"line":37,"column":null}},"19":{"start":{"line":39,"column":6},"end":{"line":39,"column":null}},"20":{"start":{"line":43,"column":2},"end":{"line":103,"column":null}},"21":{"start":{"line":56,"column":29},"end":{"line":56,"column":null}},"22":{"start":{"line":70,"column":29},"end":{"line":70,"column":null}},"23":{"start":{"line":83,"column":29},"end":{"line":83,"column":null}}},"fnMap":{"0":{"name":"AddUserForm","decl":{"start":{"line":9,"column":16},"end":{"line":9,"column":28}},"loc":{"start":{"line":9,"column":63},"end":{"line":105,"column":null}},"line":9},"1":{"name":"(anonymous_1)","decl":{"start":{"line":16,"column":23},"end":{"line":16,"column":30}},"loc":{"start":{"line":16,"column":53},"end":{"line":41,"column":null}},"line":16},"2":{"name":"(anonymous_2)","decl":{"start":{"line":56,"column":22},"end":{"line":56,"column":23}},"loc":{"start":{"line":56,"column":29},"end":{"line":56,"column":null}},"line":56},"3":{"name":"(anonymous_3)","decl":{"start":{"line":70,"column":22},"end":{"line":70,"column":23}},"loc":{"start":{"line":70,"column":29},"end":{"line":70,"column":null}},"line":70},"4":{"name":"(anonymous_4)","decl":{"start":{"line":83,"column":22},"end":{"line":83,"column":23}},"loc":{"start":{"line":83,"column":29},"end":{"line":83,"column":null}},"line":83}},"branchMap":{"0":{"loc":{"start":{"line":19,"column":4},"end":{"line":22,"column":null}},"type":"if","locations":[{"start":{"line":19,"column":4},"end":{"line":22,"column":null}},{"start":{},"end":{}}],"line":19},"1":{"loc":{"start":{"line":19,"column":8},"end":{"line":19,"column":25}},"type":"binary-expr","locations":[{"start":{"line":19,"column":8},"end":{"line":19,"column":17}},{"start":{"line":19,"column":17},"end":{"line":19,"column":25}}],"line":19},"2":{"loc":{"start":{"line":93,"column":9},"end":{"line":93,"column":null}},"type":"binary-expr","locations":[{"start":{"line":93,"column":9},"end":{"line":93,"column":18}},{"start":{"line":93,"column":18},"end":{"line":93,"column":null}}],"line":93},"3":{"loc":{"start":{"line":100,"column":11},"end":{"line":100,"column":null}},"type":"cond-expr","locations":[{"start":{"line":100,"column":21},"end":{"line":100,"column":35}},{"start":{"line":100,"column":35},"end":{"line":100,"column":null}}],"line":100}},"s":{"0":218,"1":218,"2":218,"3":218,"4":218,"5":218,"6":9,"7":9,"8":1,"9":1,"10":8,"11":8,"12":8,"13":8,"14":8,"15":8,"16":8,"17":8,"18":0,"19":8,"20":218,"21":58,"22":131,"23":2},"f":{"0":218,"1":9,"2":58,"3":131,"4":2},"b":{"0":[1,8],"1":[9,8],"2":[218,1],"3":[8,210]},"meta":{"lastBranch":4,"lastFunction":5,"lastStatement":24,"seen":{"f:9:16:9:28":0,"s:10:22:10:Infinity":0,"s:11:24:11:Infinity":1,"s:12:22:12:Infinity":2,"s:13:28:13:Infinity":3,"s:14:24:14:Infinity":4,"s:16:23:41:Infinity":5,"f:16:23:16:30":1,"s:17:4:17:Infinity":6,"b:19:4:22:Infinity:undefined:undefined:undefined:undefined":0,"s:19:4:22:Infinity":7,"b:19:8:19:17:19:17:19:25":1,"s:20:6:20:Infinity":8,"s:21:6:21:Infinity":9,"s:24:4:40:Infinity":10,"s:25:6:25:Infinity":11,"s:26:6:26:Infinity":12,"s:27:6:27:Infinity":13,"s:30:6:30:Infinity":14,"s:31:6:31:Infinity":15,"s:32:6:32:Infinity":16,"s:35:6:35:Infinity":17,"s:37:6:37:Infinity":18,"s:39:6:39:Infinity":19,"s:43:2:103:Infinity":20,"f:56:22:56:23":2,"s:56:29:56:Infinity":21,"f:70:22:70:23":3,"s:70:29:70:Infinity":22,"f:83:22:83:23":4,"s:83:29:83:Infinity":23,"b:93:9:93:18:93:18:93:Infinity":2,"b:100:21:100:35:100:35:100:Infinity":3}}}
,"C:\\Users\\bizzh\\Music\\venkatesh-personal\\ReactTesting\\src\\components\\Button.tsx": {"path":"C:\\Users\\bizzh\\Music\\venkatesh-personal\\ReactTesting\\src\\components\\Button.tsx","statementMap":{"0":{"start":{"line":14,"column":24},"end":{"line":18,"column":null}},"1":{"start":{"line":19,"column":2},"end":{"line":31,"column":null}}},"fnMap":{"0":{"name":"Button","decl":{"start":{"line":8,"column":16},"end":{"line":8,"column":23}},"loc":{"start":{"line":13,"column":16},"end":{"line":33,"column":null}},"line":13}},"branchMap":{"0":{"loc":{"start":{"line":11,"column":2},"end":{"line":11,"column":null}},"type":"default-arg","locations":[{"start":{"line":11,"column":12},"end":{"line":11,"column":null}}],"line":11},"1":{"loc":{"start":{"line":12,"column":2},"end":{"line":12,"column":null}},"type":"default-arg","locations":[{"start":{"line":12,"column":13},"end":{"line":12,"column":null}}],"line":12}},"s":{"0":15,"1":15},"f":{"0":15},"b":{"0":[15],"1":[15]},"meta":{"lastBranch":2,"lastFunction":1,"lastStatement":2,"seen":{"f:8:16:8:23":0,"b:11:12:11:Infinity":0,"b:12:13:12:Infinity":1,"s:14:24:18:Infinity":0,"s:19:2:31:Infinity":1}}}
,"C:\\Users\\bizzh\\Music\\venkatesh-personal\\ReactTesting\\src\\components\\ErrorBoundary.tsx": {"path":"C:\\Users\\bizzh\\Music\\venkatesh-personal\\ReactTesting\\src\\components\\ErrorBoundary.tsx","statementMap":{"0":{"start":{"line":27,"column":15},"end":{"line":29,"column":null}},"1":{"start":{"line":15,"column":4},"end":{"line":15,"column":null}},"2":{"start":{"line":16,"column":4},"end":{"line":16,"column":null}},"3":{"start":{"line":20,"column":4},"end":{"line":20,"column":null}},"4":{"start":{"line":24,"column":4},"end":{"line":24,"column":null}},"5":{"start":{"line":28,"column":4},"end":{"line":28,"column":null}},"6":{"start":{"line":32,"column":4},"end":{"line":54,"column":null}},"7":{"start":{"line":33,"column":6},"end":{"line":35,"column":null}},"8":{"start":{"line":34,"column":8},"end":{"line":34,"column":null}},"9":{"start":{"line":37,"column":6},"end":{"line":52,"column":null}},"10":{"start":{"line":55,"column":4},"end":{"line":55,"column":null}},"11":{"start":{"line":61,"column":2},"end":{"line":63,"column":null}},"12":{"start":{"line":62,"column":4},"end":{"line":62,"column":null}},"13":{"start":{"line":65,"column":2},"end":{"line":65,"column":null}}},"fnMap":{"0":{"name":"(anonymous_0)","decl":{"start":{"line":14,"column":2},"end":{"line":14,"column":14}},"loc":{"start":{"line":14,"column":28},"end":{"line":17,"column":null}},"line":14},"1":{"name":"(anonymous_1)","decl":{"start":{"line":19,"column":9},"end":{"line":19,"column":34}},"loc":{"start":{"line":19,"column":55},"end":{"line":21,"column":null}},"line":19},"2":{"name":"(anonymous_2)","decl":{"start":{"line":23,"column":2},"end":{"line":23,"column":20}},"loc":{"start":{"line":23,"column":56},"end":{"line":25,"column":null}},"line":23},"3":{"name":"(anonymous_3)","decl":{"start":{"line":27,"column":15},"end":{"line":27,"column":21}},"loc":{"start":{"line":27,"column":21},"end":{"line":29,"column":null}},"line":27},"4":{"name":"(anonymous_4)","decl":{"start":{"line":31,"column":2},"end":{"line":31,"column":11}},"loc":{"start":{"line":31,"column":11},"end":{"line":56,"column":null}},"line":31},"5":{"name":"BuggyComponent","decl":{"start":{"line":59,"column":16},"end":{"line":59,"column":31}},"loc":{"start":{"line":59,"column":74},"end":{"line":66,"column":null}},"line":59}},"branchMap":{"0":{"loc":{"start":{"line":32,"column":4},"end":{"line":54,"column":null}},"type":"if","locations":[{"start":{"line":32,"column":4},"end":{"line":54,"column":null}},{"start":{},"end":{}}],"line":32},"1":{"loc":{"start":{"line":33,"column":6},"end":{"line":35,"column":null}},"type":"if","locations":[{"start":{"line":33,"column":6},"end":{"line":35,"column":null}},{"start":{},"end":{}}],"line":33},"2":{"loc":{"start":{"line":61,"column":2},"end":{"line":63,"column":null}},"type":"if","locations":[{"start":{"line":61,"column":2},"end":{"line":63,"column":null}},{"start":{},"end":{}}],"line":61}},"s":{"0":0,"1":15,"2":15,"3":10,"4":5,"5":0,"6":24,"7":10,"8":2,"9":8,"10":14,"11":14,"12":10,"13":3},"f":{"0":15,"1":14,"2":5,"3":0,"4":24,"5":14},"b":{"0":[10,14],"1":[2,8],"2":[10,4]},"meta":{"lastBranch":3,"lastFunction":6,"lastStatement":14,"seen":{"s:27:15:29:Infinity":0,"f:14:2:14:14":0,"s:15:4:15:Infinity":1,"s:16:4:16:Infinity":2,"f:19:9:19:34":1,"s:20:4:20:Infinity":3,"f:23:2:23:20":2,"s:24:4:24:Infinity":4,"f:27:15:27:21":3,"s:28:4:28:Infinity":5,"f:31:2:31:11":4,"b:32:4:54:Infinity:undefined:undefined:undefined:undefined":0,"s:32:4:54:Infinity":6,"b:33:6:35:Infinity:undefined:undefined:undefined:undefined":1,"s:33:6:35:Infinity":7,"s:34:8:34:Infinity":8,"s:37:6:52:Infinity":9,"s:55:4:55:Infinity":10,"f:59:16:59:31":5,"b:61:2:63:Infinity:undefined:undefined:undefined:undefined":2,"s:61:2:63:Infinity":11,"s:62:4:62:Infinity":12,"s:65:2:65:Infinity":13}}}
,"C:\\Users\\bizzh\\Music\\venkatesh-personal\\ReactTesting\\src\\components\\Login.tsx": {"path":"C:\\Users\\bizzh\\Music\\venkatesh-personal\\ReactTesting\\src\\components\\Login.tsx","statementMap":{"0":{"start":{"line":5,"column":27},"end":{"line":5,"column":null}},"1":{"start":{"line":6,"column":24},"end":{"line":6,"column":null}},"2":{"start":{"line":7,"column":30},"end":{"line":7,"column":null}},"3":{"start":{"line":8,"column":24},"end":{"line":8,"column":null}},"4":{"start":{"line":10,"column":23},"end":{"line":19,"column":null}},"5":{"start":{"line":11,"column":4},"end":{"line":11,"column":null}},"6":{"start":{"line":12,"column":4},"end":{"line":12,"column":null}},"7":{"start":{"line":14,"column":4},"end":{"line":18,"column":null}},"8":{"start":{"line":15,"column":6},"end":{"line":15,"column":null}},"9":{"start":{"line":17,"column":6},"end":{"line":17,"column":null}},"10":{"start":{"line":21,"column":2},"end":{"line":63,"column":null}},"11":{"start":{"line":33,"column":29},"end":{"line":33,"column":null}},"12":{"start":{"line":47,"column":29},"end":{"line":47,"column":null}},"13":{"start":{"line":68,"column":40},"end":{"line":68,"column":null}},"14":{"start":{"line":70,"column":2},"end":{"line":72,"column":null}},"15":{"start":{"line":71,"column":4},"end":{"line":71,"column":null}},"16":{"start":{"line":74,"column":2},"end":{"line":94,"column":null}}},"fnMap":{"0":{"name":"Login","decl":{"start":{"line":4,"column":16},"end":{"line":4,"column":24}},"loc":{"start":{"line":4,"column":24},"end":{"line":65,"column":null}},"line":4},"1":{"name":"(anonymous_1)","decl":{"start":{"line":10,"column":23},"end":{"line":10,"column":30}},"loc":{"start":{"line":10,"column":53},"end":{"line":19,"column":null}},"line":10},"2":{"name":"(anonymous_2)","decl":{"start":{"line":33,"column":22},"end":{"line":33,"column":23}},"loc":{"start":{"line":33,"column":29},"end":{"line":33,"column":null}},"line":33},"3":{"name":"(anonymous_3)","decl":{"start":{"line":47,"column":22},"end":{"line":47,"column":23}},"loc":{"start":{"line":47,"column":29},"end":{"line":47,"column":null}},"line":47},"4":{"name":"UserProfile","decl":{"start":{"line":67,"column":16},"end":{"line":67,"column":30}},"loc":{"start":{"line":67,"column":30},"end":{"line":96,"column":null}},"line":67}},"branchMap":{"0":{"loc":{"start":{"line":17,"column":15},"end":{"line":17,"column":66}},"type":"cond-expr","locations":[{"start":{"line":17,"column":38},"end":{"line":17,"column":52}},{"start":{"line":17,"column":52},"end":{"line":17,"column":66}}],"line":17},"1":{"loc":{"start":{"line":53,"column":9},"end":{"line":53,"column":null}},"type":"binary-expr","locations":[{"start":{"line":53,"column":9},"end":{"line":53,"column":18}},{"start":{"line":53,"column":18},"end":{"line":53,"column":null}}],"line":53},"2":{"loc":{"start":{"line":60,"column":11},"end":{"line":60,"column":null}},"type":"cond-expr","locations":[{"start":{"line":60,"column":23},"end":{"line":60,"column":41}},{"start":{"line":60,"column":41},"end":{"line":60,"column":null}}],"line":60},"3":{"loc":{"start":{"line":70,"column":2},"end":{"line":72,"column":null}},"type":"if","locations":[{"start":{"line":70,"column":2},"end":{"line":72,"column":null}},{"start":{},"end":{}}],"line":70},"4":{"loc":{"start":{"line":70,"column":6},"end":{"line":70,"column":33}},"type":"binary-expr","locations":[{"start":{"line":70,"column":6},"end":{"line":70,"column":26}},{"start":{"line":70,"column":26},"end":{"line":70,"column":33}}],"line":70}},"s":{"0":148,"1":148,"2":148,"3":148,"4":148,"5":5,"6":5,"7":5,"8":5,"9":1,"10":148,"11":81,"12":53,"13":11,"14":11,"15":4,"16":7},"f":{"0":148,"1":5,"2":81,"3":53,"4":11},"b":{"0":[1,0],"1":[148,1],"2":[7,141],"3":[4,7],"4":[11,7]},"meta":{"lastBranch":5,"lastFunction":5,"lastStatement":17,"seen":{"f:4:16:4:24":0,"s:5:27:5:Infinity":0,"s:6:24:6:Infinity":1,"s:7:30:7:Infinity":2,"s:8:24:8:Infinity":3,"s:10:23:19:Infinity":4,"f:10:23:10:30":1,"s:11:4:11:Infinity":5,"s:12:4:12:Infinity":6,"s:14:4:18:Infinity":7,"s:15:6:15:Infinity":8,"s:17:6:17:Infinity":9,"b:17:38:17:52:17:52:17:66":0,"s:21:2:63:Infinity":10,"f:33:22:33:23":2,"s:33:29:33:Infinity":11,"f:47:22:47:23":3,"s:47:29:47:Infinity":12,"b:53:9:53:18:53:18:53:Infinity":1,"b:60:23:60:41:60:41:60:Infinity":2,"f:67:16:67:30":4,"s:68:40:68:Infinity":13,"b:70:2:72:Infinity:undefined:undefined:undefined:undefined":3,"s:70:2:72:Infinity":14,"b:70:6:70:26:70:26:70:33":4,"s:71:4:71:Infinity":15,"s:74:2:94:Infinity":16}}}
,"C:\\Users\\bizzh\\Music\\venkatesh-personal\\ReactTesting\\src\\components\\LoginForm.tsx": {"path":"C:\\Users\\bizzh\\Music\\venkatesh-personal\\ReactTesting\\src\\components\\LoginForm.tsx","statementMap":{"0":{"start":{"line":8,"column":24},"end":{"line":8,"column":null}},"1":{"start":{"line":9,"column":30},"end":{"line":9,"column":null}},"2":{"start":{"line":10,"column":26},"end":{"line":12,"column":null}},"3":{"start":{"line":14,"column":19},"end":{"line":30,"column":null}},"4":{"start":{"line":15,"column":61},"end":{"line":15,"column":null}},"5":{"start":{"line":17,"column":4},"end":{"line":21,"column":null}},"6":{"start":{"line":18,"column":6},"end":{"line":18,"column":null}},"7":{"start":{"line":19,"column":4},"end":{"line":21,"column":null}},"8":{"start":{"line":20,"column":6},"end":{"line":20,"column":null}},"9":{"start":{"line":23,"column":4},"end":{"line":27,"column":null}},"10":{"start":{"line":24,"column":6},"end":{"line":24,"column":null}},"11":{"start":{"line":25,"column":4},"end":{"line":27,"column":null}},"12":{"start":{"line":26,"column":6},"end":{"line":26,"column":null}},"13":{"start":{"line":29,"column":4},"end":{"line":29,"column":null}},"14":{"start":{"line":32,"column":23},"end":{"line":45,"column":null}},"15":{"start":{"line":33,"column":4},"end":{"line":33,"column":null}},"16":{"start":{"line":34,"column":22},"end":{"line":34,"column":null}},"17":{"start":{"line":36,"column":4},"end":{"line":44,"column":null}},"18":{"start":{"line":37,"column":6},"end":{"line":37,"column":null}},"19":{"start":{"line":39,"column":6},"end":{"line":39,"column":null}},"20":{"start":{"line":40,"column":6},"end":{"line":40,"column":null}},"21":{"start":{"line":41,"column":6},"end":{"line":41,"column":null}},"22":{"start":{"line":43,"column":6},"end":{"line":43,"column":null}},"23":{"start":{"line":47,"column":2},"end":{"line":97,"column":null}},"24":{"start":{"line":60,"column":29},"end":{"line":60,"column":null}},"25":{"start":{"line":79,"column":29},"end":{"line":79,"column":null}}},"fnMap":{"0":{"name":"LoginForm","decl":{"start":{"line":7,"column":16},"end":{"line":7,"column":26}},"loc":{"start":{"line":7,"column":56},"end":{"line":99,"column":null}},"line":7},"1":{"name":"(anonymous_1)","decl":{"start":{"line":14,"column":19},"end":{"line":14,"column":25}},"loc":{"start":{"line":14,"column":25},"end":{"line":30,"column":null}},"line":14},"2":{"name":"(anonymous_2)","decl":{"start":{"line":32,"column":23},"end":{"line":32,"column":24}},"loc":{"start":{"line":32,"column":47},"end":{"line":45,"column":null}},"line":32},"3":{"name":"(anonymous_3)","decl":{"start":{"line":60,"column":22},"end":{"line":60,"column":23}},"loc":{"start":{"line":60,"column":29},"end":{"line":60,"column":null}},"line":60},"4":{"name":"(anonymous_4)","decl":{"start":{"line":79,"column":22},"end":{"line":79,"column":23}},"loc":{"start":{"line":79,"column":29},"end":{"line":79,"column":null}},"line":79}},"branchMap":{"0":{"loc":{"start":{"line":17,"column":4},"end":{"line":21,"column":null}},"type":"if","locations":[{"start":{"line":17,"column":4},"end":{"line":21,"column":null}},{"start":{"line":19,"column":4},"end":{"line":21,"column":null}}],"line":17},"1":{"loc":{"start":{"line":19,"column":4},"end":{"line":21,"column":null}},"type":"if","locations":[{"start":{"line":19,"column":4},"end":{"line":21,"column":null}},{"start":{},"end":{}}],"line":19},"2":{"loc":{"start":{"line":23,"column":4},"end":{"line":27,"column":null}},"type":"if","locations":[{"start":{"line":23,"column":4},"end":{"line":27,"column":null}},{"start":{"line":25,"column":4},"end":{"line":27,"column":null}}],"line":23},"3":{"loc":{"start":{"line":25,"column":4},"end":{"line":27,"column":null}},"type":"if","locations":[{"start":{"line":25,"column":4},"end":{"line":27,"column":null}},{"start":{},"end":{}}],"line":25},"4":{"loc":{"start":{"line":36,"column":4},"end":{"line":44,"column":null}},"type":"if","locations":[{"start":{"line":36,"column":4},"end":{"line":44,"column":null}},{"start":{"line":42,"column":11},"end":{"line":44,"column":null}}],"line":36},"5":{"loc":{"start":{"line":64,"column":11},"end":{"line":67,"column":null}},"type":"binary-expr","locations":[{"start":{"line":64,"column":11},"end":{"line":64,"column":null}},{"start":{"line":65,"column":12},"end":{"line":67,"column":null}}],"line":64},"6":{"loc":{"start":{"line":83,"column":11},"end":{"line":86,"column":null}},"type":"binary-expr","locations":[{"start":{"line":83,"column":11},"end":{"line":83,"column":null}},{"start":{"line":84,"column":12},"end":{"line":86,"column":null}}],"line":83}},"s":{"0":167,"1":167,"2":167,"3":167,"4":7,"5":7,"6":2,"7":5,"8":1,"9":7,"10":3,"11":4,"12":1,"13":7,"14":167,"15":7,"16":7,"17":7,"18":2,"19":2,"20":2,"21":2,"22":5,"23":167,"24":99,"25":51},"f":{"0":167,"1":7,"2":7,"3":99,"4":51},"b":{"0":[2,5],"1":[1,4],"2":[3,4],"3":[1,3],"4":[2,5],"5":[167,3],"6":[167,4]},"meta":{"lastBranch":7,"lastFunction":5,"lastStatement":26,"seen":{"f:7:16:7:26":0,"s:8:24:8:Infinity":0,"s:9:30:9:Infinity":1,"s:10:26:12:Infinity":2,"s:14:19:30:Infinity":3,"f:14:19:14:25":1,"s:15:61:15:Infinity":4,"b:17:4:21:Infinity:19:4:21:Infinity":0,"s:17:4:21:Infinity":5,"s:18:6:18:Infinity":6,"b:19:4:21:Infinity:undefined:undefined:undefined:undefined":1,"s:19:4:21:Infinity":7,"s:20:6:20:Infinity":8,"b:23:4:27:Infinity:25:4:27:Infinity":2,"s:23:4:27:Infinity":9,"s:24:6:24:Infinity":10,"b:25:4:27:Infinity:undefined:undefined:undefined:undefined":3,"s:25:4:27:Infinity":11,"s:26:6:26:Infinity":12,"s:29:4:29:Infinity":13,"s:32:23:45:Infinity":14,"f:32:23:32:24":2,"s:33:4:33:Infinity":15,"s:34:22:34:Infinity":16,"b:36:4:44:Infinity:42:11:44:Infinity":4,"s:36:4:44:Infinity":17,"s:37:6:37:Infinity":18,"s:39:6:39:Infinity":19,"s:40:6:40:Infinity":20,"s:41:6:41:Infinity":21,"s:43:6:43:Infinity":22,"s:47:2:97:Infinity":23,"f:60:22:60:23":3,"s:60:29:60:Infinity":24,"b:64:11:64:Infinity:65:12:67:Infinity":5,"f:79:22:79:23":4,"s:79:29:79:Infinity":25,"b:83:11:83:Infinity:84:12:86:Infinity":6}}}
,"C:\\Users\\bizzh\\Music\\venkatesh-personal\\ReactTesting\\src\\components\\MainErrorBoundary.tsx": {"path":"C:\\Users\\bizzh\\Music\\venkatesh-personal\\ReactTesting\\src\\components\\MainErrorBoundary.tsx","statementMap":{"0":{"start":{"line":47,"column":15},"end":{"line":49,"column":null}},"1":{"start":{"line":18,"column":4},"end":{"line":18,"column":null}},"2":{"start":{"line":19,"column":4},"end":{"line":19,"column":null}},"3":{"start":{"line":23,"column":4},"end":{"line":23,"column":null}},"4":{"start":{"line":28,"column":4},"end":{"line":28,"column":null}},"5":{"start":{"line":31,"column":4},"end":{"line":34,"column":null}},"6":{"start":{"line":37,"column":4},"end":{"line":39,"column":null}},"7":{"start":{"line":38,"column":6},"end":{"line":38,"column":null}},"8":{"start":{"line":42,"column":4},"end":{"line":44,"column":null}},"9":{"start":{"line":43,"column":6},"end":{"line":43,"column":null}},"10":{"start":{"line":48,"column":4},"end":{"line":48,"column":null}},"11":{"start":{"line":52,"column":4},"end":{"line":60,"column":null}},"12":{"start":{"line":54,"column":6},"end":{"line":56,"column":null}},"13":{"start":{"line":55,"column":8},"end":{"line":55,"column":null}},"14":{"start":{"line":59,"column":6},"end":{"line":59,"column":null}},"15":{"start":{"line":62,"column":4},"end":{"line":62,"column":null}},"16":{"start":{"line":66,"column":22},"end":{"line":66,"column":null}},"17":{"start":{"line":67,"column":22},"end":{"line":67,"column":null}},"18":{"start":{"line":70,"column":4},"end":{"line":89,"column":null}},"19":{"start":{"line":71,"column":6},"end":{"line":87,"column":null}},"20":{"start":{"line":81,"column":29},"end":{"line":81,"column":null}},"21":{"start":{"line":92,"column":4},"end":{"line":113,"column":null}},"22":{"start":{"line":93,"column":6},"end":{"line":111,"column":null}},"23":{"start":{"line":105,"column":29},"end":{"line":105,"column":null}},"24":{"start":{"line":116,"column":4},"end":{"line":127,"column":null}}},"fnMap":{"0":{"name":"(anonymous_0)","decl":{"start":{"line":17,"column":2},"end":{"line":17,"column":14}},"loc":{"start":{"line":17,"column":28},"end":{"line":20,"column":null}},"line":17},"1":{"name":"(anonymous_1)","decl":{"start":{"line":22,"column":9},"end":{"line":22,"column":34}},"loc":{"start":{"line":22,"column":55},"end":{"line":24,"column":null}},"line":22},"2":{"name":"(anonymous_2)","decl":{"start":{"line":26,"column":2},"end":{"line":26,"column":20}},"loc":{"start":{"line":26,"column":56},"end":{"line":45,"column":null}},"line":26},"3":{"name":"(anonymous_3)","decl":{"start":{"line":47,"column":15},"end":{"line":47,"column":21}},"loc":{"start":{"line":47,"column":21},"end":{"line":49,"column":null}},"line":47},"4":{"name":"(anonymous_4)","decl":{"start":{"line":51,"column":2},"end":{"line":51,"column":11}},"loc":{"start":{"line":51,"column":11},"end":{"line":63,"column":null}},"line":51},"5":{"name":"(anonymous_5)","decl":{"start":{"line":65,"column":2},"end":{"line":65,"column":19}},"loc":{"start":{"line":65,"column":19},"end":{"line":129,"column":null}},"line":65},"6":{"name":"(anonymous_6)","decl":{"start":{"line":81,"column":23},"end":{"line":81,"column":29}},"loc":{"start":{"line":81,"column":29},"end":{"line":81,"column":null}},"line":81},"7":{"name":"(anonymous_7)","decl":{"start":{"line":105,"column":23},"end":{"line":105,"column":29}},"loc":{"start":{"line":105,"column":29},"end":{"line":105,"column":null}},"line":105}},"branchMap":{"0":{"loc":{"start":{"line":31,"column":4},"end":{"line":34,"column":null}},"type":"if","locations":[{"start":{"line":31,"column":4},"end":{"line":34,"column":null}},{"start":{},"end":{}}],"line":31},"1":{"loc":{"start":{"line":37,"column":4},"end":{"line":39,"column":null}},"type":"if","locations":[{"start":{"line":37,"column":4},"end":{"line":39,"column":null}},{"start":{},"end":{}}],"line":37},"2":{"loc":{"start":{"line":42,"column":4},"end":{"line":44,"column":null}},"type":"if","locations":[{"start":{"line":42,"column":4},"end":{"line":44,"column":null}},{"start":{},"end":{}}],"line":42},"3":{"loc":{"start":{"line":52,"column":4},"end":{"line":60,"column":null}},"type":"if","locations":[{"start":{"line":52,"column":4},"end":{"line":60,"column":null}},{"start":{},"end":{}}],"line":52},"4":{"loc":{"start":{"line":54,"column":6},"end":{"line":56,"column":null}},"type":"if","locations":[{"start":{"line":54,"column":6},"end":{"line":56,"column":null}},{"start":{},"end":{}}],"line":54},"5":{"loc":{"start":{"line":70,"column":4},"end":{"line":89,"column":null}},"type":"if","locations":[{"start":{"line":70,"column":4},"end":{"line":89,"column":null}},{"start":{},"end":{}}],"line":70},"6":{"loc":{"start":{"line":92,"column":4},"end":{"line":113,"column":null}},"type":"if","locations":[{"start":{"line":92,"column":4},"end":{"line":113,"column":null}},{"start":{},"end":{}}],"line":92}},"s":{"0":0,"1":0,"2":0,"3":0,"4":0,"5":0,"6":0,"7":0,"8":0,"9":0,"10":0,"11":0,"12":0,"13":0,"14":0,"15":0,"16":0,"17":0,"18":0,"19":0,"20":0,"21":0,"22":0,"23":0,"24":0},"f":{"0":0,"1":0,"2":0,"3":0,"4":0,"5":0,"6":0,"7":0},"b":{"0":[0,0],"1":[0,0],"2":[0,0],"3":[0,0],"4":[0,0],"5":[0,0],"6":[0,0]},"meta":{"lastBranch":7,"lastFunction":8,"lastStatement":25,"seen":{"s:47:15:49:Infinity":0,"f:17:2:17:14":0,"s:18:4:18:Infinity":1,"s:19:4:19:Infinity":2,"f:22:9:22:34":1,"s:23:4:23:Infinity":3,"f:26:2:26:20":2,"s:28:4:28:Infinity":4,"b:31:4:34:Infinity:undefined:undefined:undefined:undefined":0,"s:31:4:34:Infinity":5,"b:37:4:39:Infinity:undefined:undefined:undefined:undefined":1,"s:37:4:39:Infinity":6,"s:38:6:38:Infinity":7,"b:42:4:44:Infinity:undefined:undefined:undefined:undefined":2,"s:42:4:44:Infinity":8,"s:43:6:43:Infinity":9,"f:47:15:47:21":3,"s:48:4:48:Infinity":10,"f:51:2:51:11":4,"b:52:4:60:Infinity:undefined:undefined:undefined:undefined":3,"s:52:4:60:Infinity":11,"b:54:6:56:Infinity:undefined:undefined:undefined:undefined":4,"s:54:6:56:Infinity":12,"s:55:8:55:Infinity":13,"s:59:6:59:Infinity":14,"s:62:4:62:Infinity":15,"f:65:2:65:19":5,"s:66:22:66:Infinity":16,"s:67:22:67:Infinity":17,"b:70:4:89:Infinity:undefined:undefined:undefined:undefined":5,"s:70:4:89:Infinity":18,"s:71:6:87:Infinity":19,"f:81:23:81:29":6,"s:81:29:81:Infinity":20,"b:92:4:113:Infinity:undefined:undefined:undefined:undefined":6,"s:92:4:113:Infinity":21,"s:93:6:111:Infinity":22,"f:105:23:105:29":7,"s:105:29:105:Infinity":23,"s:116:4:127:Infinity":24}}}
,"C:\\Users\\bizzh\\Music\\venkatesh-personal\\ReactTesting\\src\\components\\Navbar.tsx": {"path":"C:\\Users\\bizzh\\Music\\venkatesh-personal\\ReactTesting\\src\\components\\Navbar.tsx","statementMap":{"0":{"start":{"line":9,"column":40},"end":{"line":9,"column":null}},"1":{"start":{"line":10,"column":29},"end":{"line":10,"column":null}},"2":{"start":{"line":11,"column":27},"end":{"line":11,"column":null}},"3":{"start":{"line":13,"column":2},"end":{"line":124,"column":null}}},"fnMap":{"0":{"name":"Navbar","decl":{"start":{"line":8,"column":16},"end":{"line":8,"column":25}},"loc":{"start":{"line":8,"column":25},"end":{"line":126,"column":null}},"line":8}},"branchMap":{"0":{"loc":{"start":{"line":36,"column":13},"end":{"line":81,"column":null}},"type":"cond-expr","locations":[{"start":{"line":37,"column":14},"end":{"line":74,"column":null}},{"start":{"line":76,"column":14},"end":{"line":81,"column":null}}],"line":36},"1":{"loc":{"start":{"line":104,"column":15},"end":{"line":104,"column":null}},"type":"cond-expr","locations":[{"start":{"line":104,"column":35},"end":{"line":104,"column":42}},{"start":{"line":104,"column":42},"end":{"line":104,"column":null}}],"line":104},"2":{"loc":{"start":{"line":108,"column":13},"end":{"line":120,"column":null}},"type":"cond-expr","locations":[{"start":{"line":109,"column":14},"end":{"line":119,"column":null}},{"start":{"line":120,"column":16},"end":{"line":120,"column":null}}],"line":108},"3":{"loc":{"start":{"line":108,"column":13},"end":{"line":108,"column":null}},"type":"binary-expr","locations":[{"start":{"line":108,"column":13},"end":{"line":108,"column":32}},{"start":{"line":108,"column":32},"end":{"line":108,"column":null}}],"line":108}},"s":{"0":0,"1":0,"2":0,"3":0},"f":{"0":0},"b":{"0":[0,0],"1":[0,0],"2":[0,0],"3":[0,0]},"meta":{"lastBranch":4,"lastFunction":1,"lastStatement":4,"seen":{"f:8:16:8:25":0,"s:9:40:9:Infinity":0,"s:10:29:10:Infinity":1,"s:11:27:11:Infinity":2,"s:13:2:124:Infinity":3,"b:37:14:74:Infinity:76:14:81:Infinity":0,"b:104:35:104:42:104:42:104:Infinity":1,"b:109:14:119:Infinity:120:16:120:Infinity":2,"b:108:13:108:32:108:32:108:Infinity":3}}}
,"C:\\Users\\bizzh\\Music\\venkatesh-personal\\ReactTesting\\src\\components\\ProtectedRoute.tsx": {"path":"C:\\Users\\bizzh\\Music\\venkatesh-personal\\ReactTesting\\src\\components\\ProtectedRoute.tsx","statementMap":{"0":{"start":{"line":10,"column":26},"end":{"line":10,"column":null}},"1":{"start":{"line":12,"column":2},"end":{"line":15,"column":null}},"2":{"start":{"line":14,"column":4},"end":{"line":14,"column":null}},"3":{"start":{"line":17,"column":2},"end":{"line":17,"column":null}}},"fnMap":{"0":{"name":"ProtectedRoute","decl":{"start":{"line":9,"column":16},"end":{"line":9,"column":31}},"loc":{"start":{"line":9,"column":66},"end":{"line":18,"column":null}},"line":9}},"branchMap":{"0":{"loc":{"start":{"line":12,"column":2},"end":{"line":15,"column":null}},"type":"if","locations":[{"start":{"line":12,"column":2},"end":{"line":15,"column":null}},{"start":{},"end":{}}],"line":12}},"s":{"0":0,"1":0,"2":0,"3":0},"f":{"0":0},"b":{"0":[0,0]},"meta":{"lastBranch":1,"lastFunction":1,"lastStatement":4,"seen":{"f:9:16:9:31":0,"s:10:26:10:Infinity":0,"b:12:2:15:Infinity:undefined:undefined:undefined:undefined":0,"s:12:2:15:Infinity":1,"s:14:4:14:Infinity":2,"s:17:2:17:Infinity":3}}}
,"C:\\Users\\bizzh\\Music\\venkatesh-personal\\ReactTesting\\src\\components\\ThemeSwitcher.tsx": {"path":"C:\\Users\\bizzh\\Music\\venkatesh-personal\\ReactTesting\\src\\components\\ThemeSwitcher.tsx","statementMap":{"0":{"start":{"line":4,"column":29},"end":{"line":4,"column":null}},"1":{"start":{"line":6,"column":2},"end":{"line":18,"column":null}},"2":{"start":{"line":23,"column":16},"end":{"line":23,"column":null}},"3":{"start":{"line":25,"column":2},"end":{"line":29,"column":null}}},"fnMap":{"0":{"name":"ThemeSwitcher","decl":{"start":{"line":3,"column":16},"end":{"line":3,"column":32}},"loc":{"start":{"line":3,"column":32},"end":{"line":20,"column":null}},"line":3},"1":{"name":"ThemedContent","decl":{"start":{"line":22,"column":16},"end":{"line":22,"column":32}},"loc":{"start":{"line":22,"column":32},"end":{"line":31,"column":null}},"line":22}},"branchMap":{},"s":{"0":8,"1":8,"2":2,"3":2},"f":{"0":8,"1":2},"b":{},"meta":{"lastBranch":0,"lastFunction":2,"lastStatement":4,"seen":{"f:3:16:3:32":0,"s:4:29:4:Infinity":0,"s:6:2:18:Infinity":1,"f:22:16:22:32":1,"s:23:16:23:Infinity":2,"s:25:2:29:Infinity":3}}}
,"C:\\Users\\bizzh\\Music\\venkatesh-personal\\ReactTesting\\src\\components\\TodoList.tsx": {"path":"C:\\Users\\bizzh\\Music\\venkatesh-personal\\ReactTesting\\src\\components\\TodoList.tsx","statementMap":{"0":{"start":{"line":10,"column":24},"end":{"line":10,"column":null}},"1":{"start":{"line":11,"column":34},"end":{"line":11,"column":null}},"2":{"start":{"line":13,"column":18},"end":{"line":23,"column":null}},"3":{"start":{"line":14,"column":4},"end":{"line":14,"column":null}},"4":{"start":{"line":14,"column":34},"end":{"line":14,"column":null}},"5":{"start":{"line":15,"column":26},"end":{"line":19,"column":null}},"6":{"start":{"line":21,"column":4},"end":{"line":21,"column":null}},"7":{"start":{"line":22,"column":4},"end":{"line":22,"column":null}},"8":{"start":{"line":25,"column":21},"end":{"line":31,"column":null}},"9":{"start":{"line":26,"column":4},"end":{"line":30,"column":null}},"10":{"start":{"line":28,"column":8},"end":{"line":28,"column":null}},"11":{"start":{"line":33,"column":21},"end":{"line":35,"column":null}},"12":{"start":{"line":34,"column":4},"end":{"line":34,"column":null}},"13":{"start":{"line":34,"column":36},"end":{"line":34,"column":50}},"14":{"start":{"line":37,"column":2},"end":{"line":91,"column":null}},"15":{"start":{"line":44,"column":27},"end":{"line":44,"column":null}},"16":{"start":{"line":45,"column":28},"end":{"line":45,"column":null}},"17":{"start":{"line":63,"column":10},"end":{"line":88,"column":null}},"18":{"start":{"line":70,"column":30},"end":{"line":70,"column":null}},"19":{"start":{"line":82,"column":29},"end":{"line":82,"column":null}}},"fnMap":{"0":{"name":"TodoList","decl":{"start":{"line":9,"column":16},"end":{"line":9,"column":27}},"loc":{"start":{"line":9,"column":27},"end":{"line":93,"column":null}},"line":9},"1":{"name":"(anonymous_1)","decl":{"start":{"line":13,"column":18},"end":{"line":13,"column":24}},"loc":{"start":{"line":13,"column":24},"end":{"line":23,"column":null}},"line":13},"2":{"name":"(anonymous_2)","decl":{"start":{"line":25,"column":21},"end":{"line":25,"column":22}},"loc":{"start":{"line":25,"column":37},"end":{"line":31,"column":null}},"line":25},"3":{"name":"(anonymous_3)","decl":{"start":{"line":27,"column":16},"end":{"line":27,"column":17}},"loc":{"start":{"line":28,"column":8},"end":{"line":28,"column":null}},"line":28},"4":{"name":"(anonymous_4)","decl":{"start":{"line":33,"column":21},"end":{"line":33,"column":22}},"loc":{"start":{"line":33,"column":37},"end":{"line":35,"column":null}},"line":33},"5":{"name":"(anonymous_5)","decl":{"start":{"line":34,"column":26},"end":{"line":34,"column":27}},"loc":{"start":{"line":34,"column":36},"end":{"line":34,"column":50}},"line":34},"6":{"name":"(anonymous_6)","decl":{"start":{"line":44,"column":20},"end":{"line":44,"column":21}},"loc":{"start":{"line":44,"column":27},"end":{"line":44,"column":null}},"line":44},"7":{"name":"(anonymous_7)","decl":{"start":{"line":45,"column":21},"end":{"line":45,"column":22}},"loc":{"start":{"line":45,"column":28},"end":{"line":45,"column":null}},"line":45},"8":{"name":"(anonymous_8)","decl":{"start":{"line":62,"column":19},"end":{"line":62,"column":20}},"loc":{"start":{"line":63,"column":10},"end":{"line":88,"column":null}},"line":63},"9":{"name":"(anonymous_9)","decl":{"start":{"line":70,"column":24},"end":{"line":70,"column":30}},"loc":{"start":{"line":70,"column":30},"end":{"line":70,"column":null}},"line":70},"10":{"name":"(anonymous_10)","decl":{"start":{"line":82,"column":23},"end":{"line":82,"column":29}},"loc":{"start":{"line":82,"column":29},"end":{"line":82,"column":null}},"line":82}},"branchMap":{"0":{"loc":{"start":{"line":14,"column":4},"end":{"line":14,"column":null}},"type":"if","locations":[{"start":{"line":14,"column":4},"end":{"line":14,"column":null}},{"start":{},"end":{}}],"line":14},"1":{"loc":{"start":{"line":28,"column":8},"end":{"line":28,"column":null}},"type":"cond-expr","locations":[{"start":{"line":28,"column":25},"end":{"line":28,"column":67}},{"start":{"line":28,"column":67},"end":{"line":28,"column":null}}],"line":28},"2":{"loc":{"start":{"line":45,"column":28},"end":{"line":45,"column":null}},"type":"binary-expr","locations":[{"start":{"line":45,"column":28},"end":{"line":45,"column":49}},{"start":{"line":45,"column":49},"end":{"line":45,"column":null}}],"line":45},"3":{"loc":{"start":{"line":56,"column":7},"end":{"line":59,"column":null}},"type":"binary-expr","locations":[{"start":{"line":56,"column":7},"end":{"line":56,"column":null}},{"start":{"line":57,"column":8},"end":{"line":59,"column":null}}],"line":56},"4":{"loc":{"start":{"line":76,"column":16},"end":{"line":76,"column":null}},"type":"cond-expr","locations":[{"start":{"line":76,"column":33},"end":{"line":76,"column":64}},{"start":{"line":76,"column":64},"end":{"line":76,"column":null}}],"line":76}},"s":{"0":127,"1":127,"2":127,"3":10,"4":2,"5":8,"6":8,"7":8,"8":127,"9":2,"10":2,"11":127,"12":2,"13":2,"14":127,"15":104,"16":105,"17":44,"18":2,"19":2},"f":{"0":127,"1":10,"2":2,"3":2,"4":2,"5":2,"6":104,"7":105,"8":44,"9":2,"10":2},"b":{"0":[2,8],"1":[2,0],"2":[105,1],"3":[127,96],"4":[1,43]},"meta":{"lastBranch":5,"lastFunction":11,"lastStatement":20,"seen":{"f:9:16:9:27":0,"s:10:24:10:Infinity":0,"s:11:34:11:Infinity":1,"s:13:18:23:Infinity":2,"f:13:18:13:24":1,"b:14:4:14:Infinity:undefined:undefined:undefined:undefined":0,"s:14:4:14:Infinity":3,"s:14:34:14:Infinity":4,"s:15:26:19:Infinity":5,"s:21:4:21:Infinity":6,"s:22:4:22:Infinity":7,"s:25:21:31:Infinity":8,"f:25:21:25:22":2,"s:26:4:30:Infinity":9,"f:27:16:27:17":3,"s:28:8:28:Infinity":10,"b:28:25:28:67:28:67:28:Infinity":1,"s:33:21:35:Infinity":11,"f:33:21:33:22":4,"s:34:4:34:Infinity":12,"f:34:26:34:27":5,"s:34:36:34:50":13,"s:37:2:91:Infinity":14,"f:44:20:44:21":6,"s:44:27:44:Infinity":15,"f:45:21:45:22":7,"s:45:28:45:Infinity":16,"b:45:28:45:49:45:49:45:Infinity":2,"b:56:7:56:Infinity:57:8:59:Infinity":3,"f:62:19:62:20":8,"s:63:10:88:Infinity":17,"f:70:24:70:30":9,"s:70:30:70:Infinity":18,"b:76:33:76:64:76:64:76:Infinity":4,"f:82:23:82:29":10,"s:82:29:82:Infinity":19}}}
,"C:\\Users\\bizzh\\Music\\venkatesh-personal\\ReactTesting\\src\\components\\UserDetails.tsx": {"path":"C:\\Users\\bizzh\\Music\\venkatesh-personal\\ReactTesting\\src\\components\\UserDetails.tsx","statementMap":{"0":{"start":{"line":10,"column":22},"end":{"line":10,"column":null}},"1":{"start":{"line":11,"column":28},"end":{"line":11,"column":null}},"2":{"start":{"line":12,"column":24},"end":{"line":12,"column":null}},"3":{"start":{"line":14,"column":2},"end":{"line":28,"column":null}},"4":{"start":{"line":15,"column":21},"end":{"line":26,"column":null}},"5":{"start":{"line":16,"column":6},"end":{"line":25,"column":null}},"6":{"start":{"line":17,"column":8},"end":{"line":17,"column":null}},"7":{"start":{"line":18,"column":8},"end":{"line":18,"column":null}},"8":{"start":{"line":19,"column":21},"end":{"line":19,"column":null}},"9":{"start":{"line":20,"column":8},"end":{"line":20,"column":null}},"10":{"start":{"line":22,"column":8},"end":{"line":22,"column":null}},"11":{"start":{"line":24,"column":8},"end":{"line":24,"column":null}},"12":{"start":{"line":27,"column":4},"end":{"line":27,"column":null}},"13":{"start":{"line":30,"column":2},"end":{"line":36,"column":null}},"14":{"start":{"line":31,"column":4},"end":{"line":34,"column":null}},"15":{"start":{"line":37,"column":2},"end":{"line":46,"column":null}},"16":{"start":{"line":38,"column":4},"end":{"line":44,"column":null}},"17":{"start":{"line":48,"column":2},"end":{"line":54,"column":null}},"18":{"start":{"line":49,"column":4},"end":{"line":52,"column":null}},"19":{"start":{"line":56,"column":2},"end":{"line":79,"column":null}}},"fnMap":{"0":{"name":"UserDetails","decl":{"start":{"line":9,"column":16},"end":{"line":9,"column":28}},"loc":{"start":{"line":9,"column":58},"end":{"line":81,"column":null}},"line":9},"1":{"name":"(anonymous_1)","decl":{"start":{"line":14,"column":12},"end":{"line":14,"column":18}},"loc":{"start":{"line":14,"column":18},"end":{"line":28,"column":5}},"line":14},"2":{"name":"(anonymous_2)","decl":{"start":{"line":15,"column":21},"end":{"line":15,"column":33}},"loc":{"start":{"line":15,"column":33},"end":{"line":26,"column":null}},"line":15}},"branchMap":{"0":{"loc":{"start":{"line":22,"column":17},"end":{"line":22,"column":73}},"type":"cond-expr","locations":[{"start":{"line":22,"column":40},"end":{"line":22,"column":54}},{"start":{"line":22,"column":54},"end":{"line":22,"column":73}}],"line":22},"1":{"loc":{"start":{"line":30,"column":2},"end":{"line":36,"column":null}},"type":"if","locations":[{"start":{"line":30,"column":2},"end":{"line":36,"column":null}},{"start":{},"end":{}}],"line":30},"2":{"loc":{"start":{"line":37,"column":2},"end":{"line":46,"column":null}},"type":"if","locations":[{"start":{"line":37,"column":2},"end":{"line":46,"column":null}},{"start":{},"end":{}}],"line":37},"3":{"loc":{"start":{"line":48,"column":2},"end":{"line":54,"column":null}},"type":"if","locations":[{"start":{"line":48,"column":2},"end":{"line":54,"column":null}},{"start":{},"end":{}}],"line":48}},"s":{"0":16,"1":16,"2":16,"3":16,"4":8,"5":8,"6":8,"7":8,"8":8,"9":6,"10":1,"11":7,"12":8,"13":16,"14":8,"15":8,"16":1,"17":7,"18":1,"19":6},"f":{"0":16,"1":8,"2":8},"b":{"0":[1,0],"1":[8,8],"2":[1,7],"3":[1,6]},"meta":{"lastBranch":4,"lastFunction":3,"lastStatement":20,"seen":{"f:9:16:9:28":0,"s:10:22:10:Infinity":0,"s:11:28:11:Infinity":1,"s:12:24:12:Infinity":2,"s:14:2:28:Infinity":3,"f:14:12:14:18":1,"s:15:21:26:Infinity":4,"f:15:21:15:33":2,"s:16:6:25:Infinity":5,"s:17:8:17:Infinity":6,"s:18:8:18:Infinity":7,"s:19:21:19:Infinity":8,"s:20:8:20:Infinity":9,"s:22:8:22:Infinity":10,"b:22:40:22:54:22:54:22:73":0,"s:24:8:24:Infinity":11,"s:27:4:27:Infinity":12,"b:30:2:36:Infinity:undefined:undefined:undefined:undefined":1,"s:30:2:36:Infinity":13,"s:31:4:34:Infinity":14,"b:37:2:46:Infinity:undefined:undefined:undefined:undefined":2,"s:37:2:46:Infinity":15,"s:38:4:44:Infinity":16,"b:48:2:54:Infinity:undefined:undefined:undefined:undefined":3,"s:48:2:54:Infinity":17,"s:49:4:52:Infinity":18,"s:56:2:79:Infinity":19}}}
,"C:\\Users\\bizzh\\Music\\venkatesh-personal\\ReactTesting\\src\\components\\UserList.tsx": {"path":"C:\\Users\\bizzh\\Music\\venkatesh-personal\\ReactTesting\\src\\components\\UserList.tsx","statementMap":{"0":{"start":{"line":8,"column":24},"end":{"line":8,"column":null}},"1":{"start":{"line":9,"column":28},"end":{"line":9,"column":null}},"2":{"start":{"line":10,"column":24},"end":{"line":10,"column":null}},"3":{"start":{"line":11,"column":8},"end":{"line":11,"column":null}},"4":{"start":{"line":13,"column":28},"end":{"line":15,"column":null}},"5":{"start":{"line":14,"column":4},"end":{"line":14,"column":null}},"6":{"start":{"line":17,"column":2},"end":{"line":32,"column":null}},"7":{"start":{"line":18,"column":22},"end":{"line":29,"column":null}},"8":{"start":{"line":19,"column":6},"end":{"line":28,"column":null}},"9":{"start":{"line":20,"column":8},"end":{"line":20,"column":null}},"10":{"start":{"line":21,"column":8},"end":{"line":21,"column":null}},"11":{"start":{"line":22,"column":21},"end":{"line":22,"column":null}},"12":{"start":{"line":23,"column":8},"end":{"line":23,"column":null}},"13":{"start":{"line":25,"column":8},"end":{"line":25,"column":null}},"14":{"start":{"line":27,"column":8},"end":{"line":27,"column":null}},"15":{"start":{"line":31,"column":4},"end":{"line":31,"column":null}},"16":{"start":{"line":34,"column":2},"end":{"line":41,"column":null}},"17":{"start":{"line":35,"column":4},"end":{"line":39,"column":null}},"18":{"start":{"line":43,"column":2},"end":{"line":53,"column":null}},"19":{"start":{"line":44,"column":4},"end":{"line":51,"column":null}},"20":{"start":{"line":55,"column":2},"end":{"line":61,"column":null}},"21":{"start":{"line":56,"column":4},"end":{"line":59,"column":null}},"22":{"start":{"line":63,"column":2},"end":{"line":86,"column":null}},"23":{"start":{"line":68,"column":10},"end":{"line":83,"column":null}},"24":{"start":{"line":79,"column":29},"end":{"line":79,"column":null}}},"fnMap":{"0":{"name":"UserList","decl":{"start":{"line":7,"column":16},"end":{"line":7,"column":27}},"loc":{"start":{"line":7,"column":27},"end":{"line":88,"column":null}},"line":7},"1":{"name":"(anonymous_1)","decl":{"start":{"line":13,"column":28},"end":{"line":13,"column":29}},"loc":{"start":{"line":13,"column":48},"end":{"line":15,"column":null}},"line":13},"2":{"name":"(anonymous_2)","decl":{"start":{"line":17,"column":12},"end":{"line":17,"column":18}},"loc":{"start":{"line":17,"column":18},"end":{"line":32,"column":5}},"line":17},"3":{"name":"(anonymous_3)","decl":{"start":{"line":18,"column":22},"end":{"line":18,"column":34}},"loc":{"start":{"line":18,"column":34},"end":{"line":29,"column":null}},"line":18},"4":{"name":"(anonymous_4)","decl":{"start":{"line":67,"column":19},"end":{"line":67,"column":20}},"loc":{"start":{"line":68,"column":10},"end":{"line":83,"column":null}},"line":68},"5":{"name":"(anonymous_5)","decl":{"start":{"line":79,"column":23},"end":{"line":79,"column":29}},"loc":{"start":{"line":79,"column":29},"end":{"line":79,"column":null}},"line":79}},"branchMap":{"0":{"loc":{"start":{"line":25,"column":17},"end":{"line":25,"column":73}},"type":"cond-expr","locations":[{"start":{"line":25,"column":40},"end":{"line":25,"column":54}},{"start":{"line":25,"column":54},"end":{"line":25,"column":73}}],"line":25},"1":{"loc":{"start":{"line":34,"column":2},"end":{"line":41,"column":null}},"type":"if","locations":[{"start":{"line":34,"column":2},"end":{"line":41,"column":null}},{"start":{},"end":{}}],"line":34},"2":{"loc":{"start":{"line":43,"column":2},"end":{"line":53,"column":null}},"type":"if","locations":[{"start":{"line":43,"column":2},"end":{"line":53,"column":null}},{"start":{},"end":{}}],"line":43},"3":{"loc":{"start":{"line":55,"column":2},"end":{"line":61,"column":null}},"type":"if","locations":[{"start":{"line":55,"column":2},"end":{"line":61,"column":null}},{"start":{},"end":{}}],"line":55}},"s":{"0":13,"1":13,"2":13,"3":13,"4":13,"5":0,"6":13,"7":7,"8":7,"9":7,"10":7,"11":7,"12":5,"13":1,"14":6,"15":7,"16":13,"17":7,"18":6,"19":1,"20":5,"21":1,"22":4,"23":7,"24":0},"f":{"0":13,"1":0,"2":7,"3":7,"4":7,"5":0},"b":{"0":[1,0],"1":[7,6],"2":[1,5],"3":[1,4]},"meta":{"lastBranch":4,"lastFunction":6,"lastStatement":25,"seen":{"f:7:16:7:27":0,"s:8:24:8:Infinity":0,"s:9:28:9:Infinity":1,"s:10:24:10:Infinity":2,"s:11:8:11:Infinity":3,"s:13:28:15:Infinity":4,"f:13:28:13:29":1,"s:14:4:14:Infinity":5,"s:17:2:32:Infinity":6,"f:17:12:17:18":2,"s:18:22:29:Infinity":7,"f:18:22:18:34":3,"s:19:6:28:Infinity":8,"s:20:8:20:Infinity":9,"s:21:8:21:Infinity":10,"s:22:21:22:Infinity":11,"s:23:8:23:Infinity":12,"s:25:8:25:Infinity":13,"b:25:40:25:54:25:54:25:73":0,"s:27:8:27:Infinity":14,"s:31:4:31:Infinity":15,"b:34:2:41:Infinity:undefined:undefined:undefined:undefined":1,"s:34:2:41:Infinity":16,"s:35:4:39:Infinity":17,"b:43:2:53:Infinity:undefined:undefined:undefined:undefined":2,"s:43:2:53:Infinity":18,"s:44:4:51:Infinity":19,"b:55:2:61:Infinity:undefined:undefined:undefined:undefined":3,"s:55:2:61:Infinity":20,"s:56:4:59:Infinity":21,"s:63:2:86:Infinity":22,"f:67:19:67:20":4,"s:68:10:83:Infinity":23,"f:79:23:79:29":5,"s:79:29:79:Infinity":24}}}
,"C:\\Users\\bizzh\\Music\\venkatesh-personal\\ReactTesting\\src\\components\\UserManagement.tsx": {"path":"C:\\Users\\bizzh\\Music\\venkatesh-personal\\ReactTesting\\src\\components\\UserManagement.tsx","statementMap":{"0":{"start":{"line":9,"column":24},"end":{"line":9,"column":null}},"1":{"start":{"line":10,"column":28},"end":{"line":10,"column":null}},"2":{"start":{"line":12,"column":20},"end":{"line":17,"column":null}},"3":{"start":{"line":13,"column":4},"end":{"line":13,"column":null}},"4":{"start":{"line":14,"column":17},"end":{"line":14,"column":null}},"5":{"start":{"line":15,"column":4},"end":{"line":15,"column":null}},"6":{"start":{"line":16,"column":4},"end":{"line":16,"column":null}},"7":{"start":{"line":19,"column":2},"end":{"line":21,"column":null}},"8":{"start":{"line":20,"column":4},"end":{"line":20,"column":null}},"9":{"start":{"line":23,"column":26},"end":{"line":25,"column":null}},"10":{"start":{"line":24,"column":4},"end":{"line":24,"column":null}},"11":{"start":{"line":27,"column":28},"end":{"line":29,"column":null}},"12":{"start":{"line":28,"column":4},"end":{"line":28,"column":null}},"13":{"start":{"line":28,"column":36},"end":{"line":28,"column":50}},"14":{"start":{"line":31,"column":2},"end":{"line":33,"column":null}},"15":{"start":{"line":32,"column":4},"end":{"line":32,"column":null}},"16":{"start":{"line":35,"column":2},"end":{"line":40,"column":null}}},"fnMap":{"0":{"name":"UserManagement","decl":{"start":{"line":8,"column":16},"end":{"line":8,"column":33}},"loc":{"start":{"line":8,"column":33},"end":{"line":42,"column":null}},"line":8},"1":{"name":"(anonymous_1)","decl":{"start":{"line":12,"column":20},"end":{"line":12,"column":32}},"loc":{"start":{"line":12,"column":32},"end":{"line":17,"column":null}},"line":12},"2":{"name":"(anonymous_2)","decl":{"start":{"line":19,"column":12},"end":{"line":19,"column":18}},"loc":{"start":{"line":19,"column":18},"end":{"line":21,"column":5}},"line":19},"3":{"name":"(anonymous_3)","decl":{"start":{"line":23,"column":26},"end":{"line":23,"column":32}},"loc":{"start":{"line":23,"column":32},"end":{"line":25,"column":null}},"line":23},"4":{"name":"(anonymous_4)","decl":{"start":{"line":27,"column":28},"end":{"line":27,"column":29}},"loc":{"start":{"line":27,"column":44},"end":{"line":29,"column":null}},"line":27},"5":{"name":"(anonymous_5)","decl":{"start":{"line":28,"column":26},"end":{"line":28,"column":27}},"loc":{"start":{"line":28,"column":36},"end":{"line":28,"column":50}},"line":28}},"branchMap":{"0":{"loc":{"start":{"line":31,"column":2},"end":{"line":33,"column":null}},"type":"if","locations":[{"start":{"line":31,"column":2},"end":{"line":33,"column":null}},{"start":{},"end":{}}],"line":31}},"s":{"0":34,"1":34,"2":34,"3":16,"4":16,"5":16,"6":16,"7":34,"8":8,"9":34,"10":8,"11":34,"12":2,"13":3,"14":34,"15":16,"16":18},"f":{"0":34,"1":16,"2":8,"3":8,"4":2,"5":3},"b":{"0":[16,18]},"meta":{"lastBranch":1,"lastFunction":6,"lastStatement":17,"seen":{"f:8:16:8:33":0,"s:9:24:9:Infinity":0,"s:10:28:10:Infinity":1,"s:12:20:17:Infinity":2,"f:12:20:12:32":1,"s:13:4:13:Infinity":3,"s:14:17:14:Infinity":4,"s:15:4:15:Infinity":5,"s:16:4:16:Infinity":6,"s:19:2:21:Infinity":7,"f:19:12:19:18":2,"s:20:4:20:Infinity":8,"s:23:26:25:Infinity":9,"f:23:26:23:32":3,"s:24:4:24:Infinity":10,"s:27:28:29:Infinity":11,"f:27:28:27:29":4,"s:28:4:28:Infinity":12,"f:28:26:28:27":5,"s:28:36:28:50":13,"b:31:2:33:Infinity:undefined:undefined:undefined:undefined":0,"s:31:2:33:Infinity":14,"s:32:4:32:Infinity":15,"s:35:2:40:Infinity":16}}}
,"C:\\Users\\bizzh\\Music\\venkatesh-personal\\ReactTesting\\src\\components\\UsersList.tsx": {"path":"C:\\Users\\bizzh\\Music\\venkatesh-personal\\ReactTesting\\src\\components\\UsersList.tsx","statementMap":{"0":{"start":{"line":10,"column":23},"end":{"line":13,"column":null}},"1":{"start":{"line":11,"column":4},"end":{"line":11,"column":null}},"2":{"start":{"line":12,"column":4},"end":{"line":12,"column":null}},"3":{"start":{"line":15,"column":2},"end":{"line":21,"column":null}},"4":{"start":{"line":16,"column":4},"end":{"line":19,"column":null}},"5":{"start":{"line":23,"column":2},"end":{"line":48,"column":null}},"6":{"start":{"line":28,"column":10},"end":{"line":45,"column":null}},"7":{"start":{"line":40,"column":29},"end":{"line":40,"column":null}}},"fnMap":{"0":{"name":"UsersList","decl":{"start":{"line":9,"column":16},"end":{"line":9,"column":26}},"loc":{"start":{"line":9,"column":63},"end":{"line":50,"column":null}},"line":9},"1":{"name":"(anonymous_1)","decl":{"start":{"line":10,"column":23},"end":{"line":10,"column":30}},"loc":{"start":{"line":10,"column":45},"end":{"line":13,"column":null}},"line":10},"2":{"name":"(anonymous_2)","decl":{"start":{"line":27,"column":19},"end":{"line":27,"column":20}},"loc":{"start":{"line":28,"column":10},"end":{"line":45,"column":null}},"line":28},"3":{"name":"(anonymous_3)","decl":{"start":{"line":40,"column":23},"end":{"line":40,"column":29}},"loc":{"start":{"line":40,"column":29},"end":{"line":40,"column":null}},"line":40}},"branchMap":{"0":{"loc":{"start":{"line":15,"column":2},"end":{"line":21,"column":null}},"type":"if","locations":[{"start":{"line":15,"column":2},"end":{"line":21,"column":null}},{"start":{},"end":{}}],"line":15}},"s":{"0":18,"1":2,"2":2,"3":18,"4":9,"5":9,"6":11,"7":2},"f":{"0":18,"1":2,"2":11,"3":2},"b":{"0":[9,9]},"meta":{"lastBranch":1,"lastFunction":4,"lastStatement":8,"seen":{"f:9:16:9:26":0,"s:10:23:13:Infinity":0,"f:10:23:10:30":1,"s:11:4:11:Infinity":1,"s:12:4:12:Infinity":2,"b:15:2:21:Infinity:undefined:undefined:undefined:undefined":0,"s:15:2:21:Infinity":3,"s:16:4:19:Infinity":4,"s:23:2:48:Infinity":5,"f:27:19:27:20":2,"s:28:10:45:Infinity":6,"f:40:23:40:29":3,"s:40:29:40:Infinity":7}}}
,"C:\\Users\\bizzh\\Music\\venkatesh-personal\\ReactTesting\\src\\components\\ZustandCounter.tsx": {"path":"C:\\Users\\bizzh\\Music\\venkatesh-personal\\ReactTesting\\src\\components\\ZustandCounter.tsx","statementMap":{"0":{"start":{"line":4,"column":45},"end":{"line":4,"column":null}},"1":{"start":{"line":6,"column":2},"end":{"line":30,"column":null}},"2":{"start":{"line":35,"column":8},"end":{"line":35,"column":null}},"3":{"start":{"line":35,"column":43},"end":{"line":35,"column":54}},"4":{"start":{"line":37,"column":2},"end":{"line":37,"column":null}}},"fnMap":{"0":{"name":"ZustandCounter","decl":{"start":{"line":3,"column":16},"end":{"line":3,"column":33}},"loc":{"start":{"line":3,"column":33},"end":{"line":32,"column":null}},"line":3},"1":{"name":"CountDisplay","decl":{"start":{"line":34,"column":16},"end":{"line":34,"column":31}},"loc":{"start":{"line":34,"column":31},"end":{"line":38,"column":null}},"line":34},"2":{"name":"(anonymous_2)","decl":{"start":{"line":35,"column":32},"end":{"line":35,"column":33}},"loc":{"start":{"line":35,"column":43},"end":{"line":35,"column":54}},"line":35}},"branchMap":{},"s":{"0":15,"1":15,"2":4,"3":14,"4":4},"f":{"0":15,"1":4,"2":14},"b":{},"meta":{"lastBranch":0,"lastFunction":3,"lastStatement":5,"seen":{"f:3:16:3:33":0,"s:4:45:4:Infinity":0,"s:6:2:30:Infinity":1,"f:34:16:34:31":1,"s:35:8:35:Infinity":2,"f:35:32:35:33":2,"s:35:43:35:54":3,"s:37:2:37:Infinity":4}}}
,"C:\\Users\\bizzh\\Music\\venkatesh-personal\\ReactTesting\\src\\contexts\\AuthContext.tsx": {"path":"C:\\Users\\bizzh\\Music\\venkatesh-personal\\ReactTesting\\src\\contexts\\AuthContext.tsx","statementMap":{"0":{"start":{"line":24,"column":6},"end":{"line":24,"column":null}},"1":{"start":{"line":27,"column":22},"end":{"line":27,"column":null}},"2":{"start":{"line":28,"column":32},"end":{"line":28,"column":null}},"3":{"start":{"line":30,"column":16},"end":{"line":48,"column":null}},"4":{"start":{"line":31,"column":4},"end":{"line":31,"column":null}},"5":{"start":{"line":33,"column":4},"end":{"line":33,"column":null}},"6":{"start":{"line":33,"column":35},"end":{"line":33,"column":59}},"7":{"start":{"line":35,"column":4},"end":{"line":46,"column":null}},"8":{"start":{"line":36,"column":28},"end":{"line":41,"column":null}},"9":{"start":{"line":43,"column":6},"end":{"line":43,"column":null}},"10":{"start":{"line":45,"column":6},"end":{"line":45,"column":null}},"11":{"start":{"line":47,"column":4},"end":{"line":47,"column":null}},"12":{"start":{"line":50,"column":17},"end":{"line":52,"column":null}},"13":{"start":{"line":51,"column":4},"end":{"line":51,"column":null}},"14":{"start":{"line":54,"column":2},"end":{"line":65,"column":null}},"15":{"start":{"line":70,"column":8},"end":{"line":70,"column":null}},"16":{"start":{"line":71,"column":2},"end":{"line":73,"column":null}},"17":{"start":{"line":72,"column":4},"end":{"line":72,"column":null}},"18":{"start":{"line":74,"column":2},"end":{"line":74,"column":null}}},"fnMap":{"0":{"name":"AuthProvider","decl":{"start":{"line":26,"column":16},"end":{"line":26,"column":29}},"loc":{"start":{"line":26,"column":68},"end":{"line":67,"column":null}},"line":26},"1":{"name":"(anonymous_1)","decl":{"start":{"line":30,"column":16},"end":{"line":30,"column":23}},"loc":{"start":{"line":30,"column":59},"end":{"line":48,"column":null}},"line":30},"2":{"name":"(anonymous_2)","decl":{"start":{"line":33,"column":22},"end":{"line":33,"column":23}},"loc":{"start":{"line":33,"column":35},"end":{"line":33,"column":59}},"line":33},"3":{"name":"(anonymous_3)","decl":{"start":{"line":50,"column":17},"end":{"line":50,"column":23}},"loc":{"start":{"line":50,"column":23},"end":{"line":52,"column":null}},"line":50},"4":{"name":"useAuth","decl":{"start":{"line":69,"column":16},"end":{"line":69,"column":43}},"loc":{"start":{"line":69,"column":43},"end":{"line":75,"column":null}},"line":69}},"branchMap":{"0":{"loc":{"start":{"line":35,"column":4},"end":{"line":46,"column":null}},"type":"if","locations":[{"start":{"line":35,"column":4},"end":{"line":46,"column":null}},{"start":{"line":44,"column":11},"end":{"line":46,"column":null}}],"line":35},"1":{"loc":{"start":{"line":35,"column":8},"end":{"line":35,"column":68}},"type":"binary-expr","locations":[{"start":{"line":35,"column":8},"end":{"line":35,"column":40}},{"start":{"line":35,"column":40},"end":{"line":35,"column":68}}],"line":35},"2":{"loc":{"start":{"line":71,"column":2},"end":{"line":73,"column":null}},"type":"if","locations":[{"start":{"line":71,"column":2},"end":{"line":73,"column":null}},{"start":{},"end":{}}],"line":71}},"s":{"0":2,"1":14,"2":14,"3":14,"4":5,"5":5,"6":5,"7":4,"8":3,"9":3,"10":1,"11":3,"12":14,"13":1,"14":14,"15":159,"16":159,"17":0,"18":159},"f":{"0":14,"1":5,"2":5,"3":1,"4":159},"b":{"0":[3,1],"1":[4,3],"2":[0,159]},"meta":{"lastBranch":3,"lastFunction":5,"lastStatement":19,"seen":{"s:24:6:24:Infinity":0,"f:26:16:26:29":0,"s:27:22:27:Infinity":1,"s:28:32:28:Infinity":2,"s:30:16:48:Infinity":3,"f:30:16:30:23":1,"s:31:4:31:Infinity":4,"s:33:4:33:Infinity":5,"f:33:22:33:23":2,"s:33:35:33:59":6,"b:35:4:46:Infinity:44:11:46:Infinity":0,"s:35:4:46:Infinity":7,"b:35:8:35:40:35:40:35:68":1,"s:36:28:41:Infinity":8,"s:43:6:43:Infinity":9,"s:45:6:45:Infinity":10,"s:47:4:47:Infinity":11,"s:50:17:52:Infinity":12,"f:50:17:50:23":3,"s:51:4:51:Infinity":13,"s:54:2:65:Infinity":14,"f:69:16:69:43":4,"s:70:8:70:Infinity":15,"b:71:2:73:Infinity:undefined:undefined:undefined:undefined":2,"s:71:2:73:Infinity":16,"s:72:4:72:Infinity":17,"s:74:2:74:Infinity":18}}}
,"C:\\Users\\bizzh\\Music\\venkatesh-personal\\ReactTesting\\src\\contexts\\ThemeContext.tsx": {"path":"C:\\Users\\bizzh\\Music\\venkatesh-personal\\ReactTesting\\src\\contexts\\ThemeContext.tsx","statementMap":{"0":{"start":{"line":17,"column":6},"end":{"line":17,"column":null}},"1":{"start":{"line":20,"column":24},"end":{"line":20,"column":null}},"2":{"start":{"line":22,"column":2},"end":{"line":30,"column":null}},"3":{"start":{"line":23,"column":17},"end":{"line":23,"column":null}},"4":{"start":{"line":25,"column":4},"end":{"line":29,"column":null}},"5":{"start":{"line":26,"column":6},"end":{"line":26,"column":null}},"6":{"start":{"line":28,"column":6},"end":{"line":28,"column":null}},"7":{"start":{"line":32,"column":22},"end":{"line":34,"column":null}},"8":{"start":{"line":33,"column":4},"end":{"line":33,"column":null}},"9":{"start":{"line":33,"column":24},"end":{"line":33,"column":60}},"10":{"start":{"line":36,"column":2},"end":{"line":47,"column":null}},"11":{"start":{"line":52,"column":8},"end":{"line":52,"column":null}},"12":{"start":{"line":53,"column":2},"end":{"line":55,"column":null}},"13":{"start":{"line":54,"column":4},"end":{"line":54,"column":null}},"14":{"start":{"line":56,"column":2},"end":{"line":56,"column":null}}},"fnMap":{"0":{"name":"ThemeProvider","decl":{"start":{"line":19,"column":16},"end":{"line":19,"column":30}},"loc":{"start":{"line":19,"column":69},"end":{"line":49,"column":null}},"line":19},"1":{"name":"(anonymous_1)","decl":{"start":{"line":22,"column":12},"end":{"line":22,"column":18}},"loc":{"start":{"line":22,"column":18},"end":{"line":30,"column":5}},"line":22},"2":{"name":"(anonymous_2)","decl":{"start":{"line":32,"column":22},"end":{"line":32,"column":28}},"loc":{"start":{"line":32,"column":28},"end":{"line":34,"column":null}},"line":32},"3":{"name":"(anonymous_3)","decl":{"start":{"line":33,"column":13},"end":{"line":33,"column":14}},"loc":{"start":{"line":33,"column":24},"end":{"line":33,"column":60}},"line":33},"4":{"name":"useTheme","decl":{"start":{"line":51,"column":16},"end":{"line":51,"column":27}},"loc":{"start":{"line":51,"column":27},"end":{"line":57,"column":null}},"line":51}},"branchMap":{"0":{"loc":{"start":{"line":25,"column":4},"end":{"line":29,"column":null}},"type":"if","locations":[{"start":{"line":25,"column":4},"end":{"line":29,"column":null}},{"start":{"line":27,"column":11},"end":{"line":29,"column":null}}],"line":25},"1":{"loc":{"start":{"line":33,"column":24},"end":{"line":33,"column":60}},"type":"cond-expr","locations":[{"start":{"line":33,"column":43},"end":{"line":33,"column":52}},{"start":{"line":33,"column":52},"end":{"line":33,"column":60}}],"line":33},"2":{"loc":{"start":{"line":40,"column":10},"end":{"line":42,"column":null}},"type":"cond-expr","locations":[{"start":{"line":41,"column":14},"end":{"line":41,"column":null}},{"start":{"line":42,"column":14},"end":{"line":42,"column":null}}],"line":40},"3":{"loc":{"start":{"line":53,"column":2},"end":{"line":55,"column":null}},"type":"if","locations":[{"start":{"line":53,"column":2},"end":{"line":55,"column":null}},{"start":{},"end":{}}],"line":53}},"s":{"0":2,"1":8,"2":8,"3":8,"4":8,"5":3,"6":5,"7":8,"8":4,"9":4,"10":8,"11":10,"12":10,"13":0,"14":10},"f":{"0":8,"1":8,"2":4,"3":4,"4":10},"b":{"0":[3,5],"1":[3,1],"2":[3,5],"3":[0,10]},"meta":{"lastBranch":4,"lastFunction":5,"lastStatement":15,"seen":{"s:17:6:17:Infinity":0,"f:19:16:19:30":0,"s:20:24:20:Infinity":1,"s:22:2:30:Infinity":2,"f:22:12:22:18":1,"s:23:17:23:Infinity":3,"b:25:4:29:Infinity:27:11:29:Infinity":0,"s:25:4:29:Infinity":4,"s:26:6:26:Infinity":5,"s:28:6:28:Infinity":6,"s:32:22:34:Infinity":7,"f:32:22:32:28":2,"s:33:4:33:Infinity":8,"f:33:13:33:14":3,"s:33:24:33:60":9,"b:33:43:33:52:33:52:33:60":1,"s:36:2:47:Infinity":10,"b:41:14:41:Infinity:42:14:42:Infinity":2,"f:51:16:51:27":4,"s:52:8:52:Infinity":11,"b:53:2:55:Infinity:undefined:undefined:undefined:undefined":3,"s:53:2:55:Infinity":12,"s:54:4:54:Infinity":13,"s:56:2:56:Infinity":14}}}
,"C:\\Users\\bizzh\\Music\\venkatesh-personal\\ReactTesting\\src\\hooks\\useCounter.ts": {"path":"C:\\Users\\bizzh\\Music\\venkatesh-personal\\ReactTesting\\src\\hooks\\useCounter.ts","statementMap":{"0":{"start":{"line":12,"column":26},"end":{"line":12,"column":null}},"1":{"start":{"line":14,"column":22},"end":{"line":14,"column":null}},"2":{"start":{"line":14,"column":28},"end":{"line":14,"column":null}},"3":{"start":{"line":14,"column":45},"end":{"line":14,"column":53}},"4":{"start":{"line":15,"column":22},"end":{"line":15,"column":null}},"5":{"start":{"line":15,"column":28},"end":{"line":15,"column":null}},"6":{"start":{"line":15,"column":45},"end":{"line":15,"column":53}},"7":{"start":{"line":16,"column":18},"end":{"line":16,"column":null}},"8":{"start":{"line":16,"column":24},"end":{"line":16,"column":null}},"9":{"start":{"line":18,"column":4},"end":{"line":24,"column":null}}},"fnMap":{"0":{"name":"useCounter","decl":{"start":{"line":11,"column":16},"end":{"line":11,"column":27}},"loc":{"start":{"line":11,"column":71},"end":{"line":25,"column":null}},"line":11},"1":{"name":"(anonymous_1)","decl":{"start":{"line":14,"column":22},"end":{"line":14,"column":28}},"loc":{"start":{"line":14,"column":28},"end":{"line":14,"column":null}},"line":14},"2":{"name":"(anonymous_2)","decl":{"start":{"line":14,"column":37},"end":{"line":14,"column":45}},"loc":{"start":{"line":14,"column":45},"end":{"line":14,"column":53}},"line":14},"3":{"name":"(anonymous_3)","decl":{"start":{"line":15,"column":22},"end":{"line":15,"column":28}},"loc":{"start":{"line":15,"column":28},"end":{"line":15,"column":null}},"line":15},"4":{"name":"(anonymous_4)","decl":{"start":{"line":15,"column":37},"end":{"line":15,"column":45}},"loc":{"start":{"line":15,"column":45},"end":{"line":15,"column":53}},"line":15},"5":{"name":"(anonymous_5)","decl":{"start":{"line":16,"column":18},"end":{"line":16,"column":24}},"loc":{"start":{"line":16,"column":24},"end":{"line":16,"column":null}},"line":16}},"branchMap":{"0":{"loc":{"start":{"line":11,"column":27},"end":{"line":11,"column":71}},"type":"default-arg","locations":[{"start":{"line":11,"column":50},"end":{"line":11,"column":71}}],"line":11}},"s":{"0":15,"1":15,"2":9,"3":9,"4":15,"5":2,"6":2,"7":15,"8":1,"9":15},"f":{"0":15,"1":9,"2":9,"3":2,"4":2,"5":1},"b":{"0":[15]},"meta":{"lastBranch":1,"lastFunction":6,"lastStatement":10,"seen":{"f:11:16:11:27":0,"b:11:50:11:71":0,"s:12:26:12:Infinity":0,"s:14:22:14:Infinity":1,"f:14:22:14:28":1,"s:14:28:14:Infinity":2,"f:14:37:14:45":2,"s:14:45:14:53":3,"s:15:22:15:Infinity":4,"f:15:22:15:28":3,"s:15:28:15:Infinity":5,"f:15:37:15:45":4,"s:15:45:15:53":6,"s:16:18:16:Infinity":7,"f:16:18:16:24":5,"s:16:24:16:Infinity":8,"s:18:4:24:Infinity":9}}}
,"C:\\Users\\bizzh\\Music\\venkatesh-personal\\ReactTesting\\src\\hooks\\useFetch.ts": {"path":"C:\\Users\\bizzh\\Music\\venkatesh-personal\\ReactTesting\\src\\hooks\\useFetch.ts","statementMap":{"0":{"start":{"line":11,"column":24},"end":{"line":11,"column":null}},"1":{"start":{"line":12,"column":30},"end":{"line":12,"column":null}},"2":{"start":{"line":13,"column":26},"end":{"line":13,"column":null}},"3":{"start":{"line":14,"column":40},"end":{"line":14,"column":null}},"4":{"start":{"line":16,"column":4},"end":{"line":35,"column":null}},"5":{"start":{"line":17,"column":26},"end":{"line":32,"column":null}},"6":{"start":{"line":18,"column":12},"end":{"line":31,"column":null}},"7":{"start":{"line":19,"column":16},"end":{"line":19,"column":null}},"8":{"start":{"line":20,"column":16},"end":{"line":20,"column":null}},"9":{"start":{"line":21,"column":33},"end":{"line":21,"column":null}},"10":{"start":{"line":22,"column":16},"end":{"line":24,"column":null}},"11":{"start":{"line":23,"column":20},"end":{"line":23,"column":null}},"12":{"start":{"line":25,"column":29},"end":{"line":25,"column":null}},"13":{"start":{"line":26,"column":16},"end":{"line":26,"column":null}},"14":{"start":{"line":28,"column":16},"end":{"line":28,"column":null}},"15":{"start":{"line":30,"column":16},"end":{"line":30,"column":null}},"16":{"start":{"line":34,"column":8},"end":{"line":34,"column":null}},"17":{"start":{"line":37,"column":20},"end":{"line":39,"column":null}},"18":{"start":{"line":38,"column":8},"end":{"line":38,"column":null}},"19":{"start":{"line":38,"column":32},"end":{"line":38,"column":40}},"20":{"start":{"line":41,"column":4},"end":{"line":46,"column":null}}},"fnMap":{"0":{"name":"useFetch","decl":{"start":{"line":10,"column":16},"end":{"line":10,"column":28}},"loc":{"start":{"line":10,"column":60},"end":{"line":47,"column":null}},"line":10},"1":{"name":"(anonymous_1)","decl":{"start":{"line":16,"column":14},"end":{"line":16,"column":20}},"loc":{"start":{"line":16,"column":20},"end":{"line":35,"column":7}},"line":16},"2":{"name":"(anonymous_2)","decl":{"start":{"line":17,"column":26},"end":{"line":17,"column":38}},"loc":{"start":{"line":17,"column":38},"end":{"line":32,"column":null}},"line":17},"3":{"name":"(anonymous_3)","decl":{"start":{"line":37,"column":20},"end":{"line":37,"column":26}},"loc":{"start":{"line":37,"column":26},"end":{"line":39,"column":null}},"line":37},"4":{"name":"(anonymous_4)","decl":{"start":{"line":38,"column":24},"end":{"line":38,"column":32}},"loc":{"start":{"line":38,"column":32},"end":{"line":38,"column":40}},"line":38}},"branchMap":{"0":{"loc":{"start":{"line":22,"column":16},"end":{"line":24,"column":null}},"type":"if","locations":[{"start":{"line":22,"column":16},"end":{"line":24,"column":null}},{"start":{},"end":{}}],"line":22},"1":{"loc":{"start":{"line":28,"column":25},"end":{"line":28,"column":81}},"type":"cond-expr","locations":[{"start":{"line":28,"column":48},"end":{"line":28,"column":62}},{"start":{"line":28,"column":62},"end":{"line":28,"column":81}}],"line":28}},"s":{"0":25,"1":25,"2":25,"3":25,"4":25,"5":12,"6":12,"7":12,"8":12,"9":12,"10":9,"11":1,"12":8,"13":8,"14":3,"15":11,"16":12,"17":25,"18":3,"19":3,"20":25},"f":{"0":25,"1":12,"2":12,"3":3,"4":3},"b":{"0":[1,8],"1":[2,1]},"meta":{"lastBranch":2,"lastFunction":5,"lastStatement":21,"seen":{"f:10:16:10:28":0,"s:11:24:11:Infinity":0,"s:12:30:12:Infinity":1,"s:13:26:13:Infinity":2,"s:14:40:14:Infinity":3,"s:16:4:35:Infinity":4,"f:16:14:16:20":1,"s:17:26:32:Infinity":5,"f:17:26:17:38":2,"s:18:12:31:Infinity":6,"s:19:16:19:Infinity":7,"s:20:16:20:Infinity":8,"s:21:33:21:Infinity":9,"b:22:16:24:Infinity:undefined:undefined:undefined:undefined":0,"s:22:16:24:Infinity":10,"s:23:20:23:Infinity":11,"s:25:29:25:Infinity":12,"s:26:16:26:Infinity":13,"s:28:16:28:Infinity":14,"b:28:48:28:62:28:62:28:81":1,"s:30:16:30:Infinity":15,"s:34:8:34:Infinity":16,"s:37:20:39:Infinity":17,"f:37:20:37:26":3,"s:38:8:38:Infinity":18,"f:38:24:38:32":4,"s:38:32:38:40":19,"s:41:4:46:Infinity":20}}}
,"C:\\Users\\bizzh\\Music\\venkatesh-personal\\ReactTesting\\src\\hooks\\useLocalStorage.ts": {"path":"C:\\Users\\bizzh\\Music\\venkatesh-personal\\ReactTesting\\src\\hooks\\useLocalStorage.ts","statementMap":{"0":{"start":{"line":6,"column":38},"end":{"line":14,"column":null}},"1":{"start":{"line":7,"column":8},"end":{"line":13,"column":null}},"2":{"start":{"line":8,"column":25},"end":{"line":8,"column":null}},"3":{"start":{"line":9,"column":12},"end":{"line":9,"column":null}},"4":{"start":{"line":11,"column":12},"end":{"line":11,"column":null}},"5":{"start":{"line":12,"column":12},"end":{"line":12,"column":null}},"6":{"start":{"line":17,"column":4},"end":{"line":24,"column":null}},"7":{"start":{"line":18,"column":8},"end":{"line":22,"column":null}},"8":{"start":{"line":19,"column":12},"end":{"line":19,"column":null}},"9":{"start":{"line":21,"column":12},"end":{"line":21,"column":null}},"10":{"start":{"line":26,"column":4},"end":{"line":26,"column":null}}},"fnMap":{"0":{"name":"useLocalStorage","decl":{"start":{"line":4,"column":16},"end":{"line":4,"column":35}},"loc":{"start":{"line":4,"column":65},"end":{"line":27,"column":null}},"line":4},"1":{"name":"(anonymous_1)","decl":{"start":{"line":6,"column":54},"end":{"line":6,"column":60}},"loc":{"start":{"line":6,"column":60},"end":{"line":14,"column":5}},"line":6},"2":{"name":"(anonymous_2)","decl":{"start":{"line":17,"column":14},"end":{"line":17,"column":20}},"loc":{"start":{"line":17,"column":20},"end":{"line":24,"column":7}},"line":17}},"branchMap":{"0":{"loc":{"start":{"line":9,"column":19},"end":{"line":9,"column":null}},"type":"cond-expr","locations":[{"start":{"line":9,"column":26},"end":{"line":9,"column":45}},{"start":{"line":9,"column":45},"end":{"line":9,"column":null}}],"line":9}},"s":{"0":42,"1":21,"2":21,"3":21,"4":1,"5":1,"6":42,"7":37,"8":37,"9":0,"10":42},"f":{"0":42,"1":21,"2":37},"b":{"0":[7,14]},"meta":{"lastBranch":1,"lastFunction":3,"lastStatement":11,"seen":{"f:4:16:4:35":0,"s:6:38:14:Infinity":0,"f:6:54:6:60":1,"s:7:8:13:Infinity":1,"s:8:25:8:Infinity":2,"s:9:12:9:Infinity":3,"b:9:26:9:45:9:45:9:Infinity":0,"s:11:12:11:Infinity":4,"s:12:12:12:Infinity":5,"s:17:4:24:Infinity":6,"f:17:14:17:20":2,"s:18:8:22:Infinity":7,"s:19:12:19:Infinity":8,"s:21:12:21:Infinity":9,"s:26:4:26:Infinity":10}}}
,"C:\\Users\\bizzh\\Music\\venkatesh-personal\\ReactTesting\\src\\hooks\\useToggle.ts": {"path":"C:\\Users\\bizzh\\Music\\venkatesh-personal\\ReactTesting\\src\\hooks\\useToggle.ts","statementMap":{"0":{"start":{"line":13,"column":26},"end":{"line":13,"column":null}},"1":{"start":{"line":14,"column":19},"end":{"line":14,"column":null}},"2":{"start":{"line":14,"column":25},"end":{"line":14,"column":null}},"3":{"start":{"line":14,"column":42},"end":{"line":14,"column":47}},"4":{"start":{"line":15,"column":20},"end":{"line":15,"column":null}},"5":{"start":{"line":15,"column":26},"end":{"line":15,"column":null}},"6":{"start":{"line":16,"column":21},"end":{"line":16,"column":null}},"7":{"start":{"line":16,"column":27},"end":{"line":16,"column":null}},"8":{"start":{"line":18,"column":4},"end":{"line":24,"column":null}}},"fnMap":{"0":{"name":"useToggle","decl":{"start":{"line":12,"column":16},"end":{"line":12,"column":26}},"loc":{"start":{"line":12,"column":74},"end":{"line":25,"column":null}},"line":12},"1":{"name":"(anonymous_1)","decl":{"start":{"line":14,"column":19},"end":{"line":14,"column":25}},"loc":{"start":{"line":14,"column":25},"end":{"line":14,"column":null}},"line":14},"2":{"name":"(anonymous_2)","decl":{"start":{"line":14,"column":34},"end":{"line":14,"column":42}},"loc":{"start":{"line":14,"column":42},"end":{"line":14,"column":47}},"line":14},"3":{"name":"(anonymous_3)","decl":{"start":{"line":15,"column":20},"end":{"line":15,"column":26}},"loc":{"start":{"line":15,"column":26},"end":{"line":15,"column":null}},"line":15},"4":{"name":"(anonymous_4)","decl":{"start":{"line":16,"column":21},"end":{"line":16,"column":27}},"loc":{"start":{"line":16,"column":27},"end":{"line":16,"column":null}},"line":16}},"branchMap":{"0":{"loc":{"start":{"line":12,"column":26},"end":{"line":12,"column":74}},"type":"default-arg","locations":[{"start":{"line":12,"column":50},"end":{"line":12,"column":74}}],"line":12}},"s":{"0":14,"1":14,"2":5,"3":5,"4":14,"5":3,"6":14,"7":1,"8":14},"f":{"0":14,"1":5,"2":5,"3":3,"4":1},"b":{"0":[14]},"meta":{"lastBranch":1,"lastFunction":5,"lastStatement":9,"seen":{"f:12:16:12:26":0,"b:12:50:12:74":0,"s:13:26:13:Infinity":0,"s:14:19:14:Infinity":1,"f:14:19:14:25":1,"s:14:25:14:Infinity":2,"f:14:34:14:42":2,"s:14:42:14:47":3,"s:15:20:15:Infinity":4,"f:15:20:15:26":3,"s:15:26:15:Infinity":5,"s:16:21:16:Infinity":6,"f:16:21:16:27":4,"s:16:27:16:Infinity":7,"s:18:4:24:Infinity":8}}}
,"C:\\Users\\bizzh\\Music\\venkatesh-personal\\ReactTesting\\src\\pages\\AllUserPage.tsx": {"path":"C:\\Users\\bizzh\\Music\\venkatesh-personal\\ReactTesting\\src\\pages\\AllUserPage.tsx","statementMap":{"0":{"start":{"line":4,"column":27},"end":{"line":11,"column":null}},"1":{"start":{"line":5,"column":2},"end":{"line":9,"column":null}}},"fnMap":{"0":{"name":"(anonymous_0)","decl":{"start":{"line":4,"column":27},"end":{"line":4,"column":33}},"loc":{"start":{"line":4,"column":33},"end":{"line":11,"column":null}},"line":4}},"branchMap":{},"s":{"0":0,"1":0},"f":{"0":0},"b":{},"meta":{"lastBranch":0,"lastFunction":1,"lastStatement":2,"seen":{"s:4:27:11:Infinity":0,"f:4:27:4:33":0,"s:5:2:9:Infinity":1}}}
,"C:\\Users\\bizzh\\Music\\venkatesh-personal\\ReactTesting\\src\\pages\\DashboardPage.tsx": {"path":"C:\\Users\\bizzh\\Music\\venkatesh-personal\\ReactTesting\\src\\pages\\DashboardPage.tsx","statementMap":{"0":{"start":{"line":7,"column":15},"end":{"line":7,"column":null}},"1":{"start":{"line":8,"column":16},"end":{"line":8,"column":null}},"2":{"start":{"line":10,"column":2},"end":{"line":52,"column":null}}},"fnMap":{"0":{"name":"DashboardPage","decl":{"start":{"line":6,"column":16},"end":{"line":6,"column":32}},"loc":{"start":{"line":6,"column":32},"end":{"line":54,"column":null}},"line":6},"1":{"name":"(anonymous_1)","decl":{"start":{"line":51,"column":40},"end":{"line":51,"column":46}},"loc":{"start":{"line":51,"column":46},"end":{"line":51,"column":50}},"line":51}},"branchMap":{},"s":{"0":0,"1":0,"2":0},"f":{"0":0,"1":0},"b":{},"meta":{"lastBranch":0,"lastFunction":2,"lastStatement":3,"seen":{"f:6:16:6:32":0,"s:7:15:7:Infinity":0,"s:8:16:8:Infinity":1,"s:10:2:52:Infinity":2,"f:51:40:51:46":1}}}
[...]
,"C:\\Users\\bizzh\\Music\\venkatesh-personal\\ReactTesting\\src\\utils\\date.ts": {"path":"C:\\Users\\bizzh\\Music\\venkatesh-personal\\ReactTesting\\src\\utils\\date.ts","statementMap":{"0":{"start":{"line":2,"column":17},"end":{"line":2,"column":null}},"1":{"start":{"line":3,"column":18},"end":{"line":3,"column":null}},"2":{"start":{"line":4,"column":16},"end":{"line":4,"column":null}},"3":{"start":{"line":5,"column":4},"end":{"line":5,"column":null}},"4":{"start":{"line":9,"column":16},"end":{"line":9,"column":null}},"5":{"start":{"line":10,"column":4},"end":{"line":10,"column":null}},"6":{"start":{"line":14,"column":19},"end":{"line":14,"column":null}},"7":{"start":{"line":15,"column":4},"end":{"line":15,"column":null}},"8":{"start":{"line":16,"column":4},"end":{"line":16,"column":null}},"9":{"start":{"line":20,"column":21},"end":{"line":20,"column":null}},"10":{"start":{"line":21,"column":21},"end":{"line":21,"column":null}},"11":{"start":{"line":22,"column":4},"end":{"line":22,"column":null}},"12":{"start":{"line":26,"column":16},"end":{"line":26,"column":null}},"13":{"start":{"line":27,"column":19},"end":{"line":27,"column":null}},"14":{"start":{"line":28,"column":21},"end":{"line":28,"column":null}},"15":{"start":{"line":29,"column":22},"end":{"line":29,"column":null}},"16":{"start":{"line":30,"column":21},"end":{"line":30,"column":null}},"17":{"start":{"line":32,"column":4},"end":{"line":32,"column":null}},"18":{"start":{"line":32,"column":22},"end":{"line":32,"column":null}},"19":{"start":{"line":33,"column":4},"end":{"line":33,"column":null}},"20":{"start":{"line":33,"column":23},"end":{"line":33,"column":null}},"21":{"start":{"line":34,"column":4},"end":{"line":34,"column":null}},"22":{"start":{"line":34,"column":24},"end":{"line":34,"column":null}},"23":{"start":{"line":35,"column":4},"end":{"line":35,"column":null}},"24":{"start":{"line":35,"column":24},"end":{"line":35,"column":null}},"25":{"start":{"line":37,"column":4},"end":{"line":37,"column":null}}},"fnMap":{"0":{"name":"formatDate","decl":{"start":{"line":1,"column":16},"end":{"line":1,"column":27}},"loc":{"start":{"line":1,"column":47},"end":{"line":6,"column":null}},"line":1},"1":{"name":"isWeekend","decl":{"start":{"line":8,"column":16},"end":{"line":8,"column":26}},"loc":{"start":{"line":8,"column":47},"end":{"line":11,"column":null}},"line":8},"2":{"name":"addDays","decl":{"start":{"line":13,"column":16},"end":{"line":13,"column":24}},"loc":{"start":{"line":13,"column":50},"end":{"line":17,"column":null}},"line":13},"3":{"name":"daysBetween","decl":{"start":{"line":19,"column":16},"end":{"line":19,"column":28}},"loc":{"start":{"line":19,"column":62},"end":{"line":23,"column":null}},"line":19},"4":{"name":"getRelativeTime","decl":{"start":{"line":25,"column":16},"end":{"line":25,"column":32}},"loc":{"start":{"line":25,"column":52},"end":{"line":38,"column":null}},"line":25}},"branchMap":{"0":{"loc":{"start":{"line":10,"column":11},"end":{"line":10,"column":null}},"type":"binary-expr","locations":[{"start":{"line":10,"column":11},"end":{"line":10,"column":24}},{"start":{"line":10,"column":24},"end":{"line":10,"column":null}}],"line":10},"1":{"loc":{"start":{"line":32,"column":4},"end":{"line":32,"column":null}},"type":"if","locations":[{"start":{"line":32,"column":4},"end":{"line":32,"column":null}},{"start":{},"end":{}}],"line":32},"2":{"loc":{"start":{"line":33,"column":4},"end":{"line":33,"column":null}},"type":"if","locations":[{"start":{"line":33,"column":4},"end":{"line":33,"column":null}},{"start":{},"end":{}}],"line":33},"3":{"loc":{"start":{"line":34,"column":4},"end":{"line":34,"column":null}},"type":"if","locations":[{"start":{"line":34,"column":4},"end":{"line":34,"column":null}},{"start":{},"end":{}}],"line":34},"4":{"loc":{"start":{"line":35,"column":4},"end":{"line":35,"column":null}},"type":"if","locations":[{"start":{"line":35,"column":4},"end":{"line":35,"column":null}},{"start":{},"end":{}}],"line":35}},"s":{"0":9,"1":9,"2":9,"3":9,"4":4,"5":4,"6":5,"7":5,"8":5,"9":4,"10":4,"11":4,"12":5,"13":5,"14":5,"15":5,"16":5,"17":5,"18":1,"19":4,"20":4,"21":3,"22":3,"23":2,"24":2,"25":1},"f":{"0":9,"1":4,"2":5,"3":4,"4":5},"b":{"0":[4,3],"1":[1,4],"2":[1,3],"3":[1,2],"4":[1,1]},"meta":{"lastBranch":5,"lastFunction":5,"lastStatement":26,"seen":{"f:1:16:1:27":0,"s:2:17:2:Infinity":0,"s:3:18:3:Infinity":1,"s:4:16:4:Infinity":2,"s:5:4:5:Infinity":3,"f:8:16:8:26":1,"s:9:16:9:Infinity":4,"s:10:4:10:Infinity":5,"b:10:11:10:24:10:24:10:Infinity":0,"f:13:16:13:24":2,"s:14:19:14:Infinity":6,"s:15:4:15:Infinity":7,"s:16:4:16:Infinity":8,"f:19:16:19:28":3,"s:20:21:20:Infinity":9,"s:21:21:21:Infinity":10,"s:22:4:22:Infinity":11,"f:25:16:25:32":4,"s:26:16:26:Infinity":12,"s:27:19:27:Infinity":13,"s:28:21:28:Infinity":14,"s:29:22:29:Infinity":15,"s:30:21:30:Infinity":16,"b:32:4:32:Infinity:undefined:undefined:undefined:undefined":1,"s:32:4:32:Infinity":17,"s:32:22:32:Infinity":18,"b:33:4:33:Infinity:undefined:undefined:undefined:undefined":2,"s:33:4:33:Infinity":19,"s:33:23:33:Infinity":20,"b:34:4:34:Infinity:undefined:undefined:undefined:undefined":3,"s:34:4:34:Infinity":21,"s:34:24:34:Infinity":22,"b:35:4:35:Infinity:undefined:undefined:undefined:undefined":4,"s:35:4:35:Infinity":23,"s:35:24:35:Infinity":24,"s:37:4:37:Infinity":25}}}
,"C:\\Users\\bizzh\\Music\\venkatesh-personal\\ReactTesting\\src\\utils\\errorHandler.ts": {"path":"C:\\Users\\bizzh\\Music\\venkatesh-personal\\ReactTesting\\src\\utils\\errorHandler.ts","statementMap":{"0":{"start":{"line":8,"column":8},"end":{"line":8,"column":null}},"1":{"start":{"line":4,"column":15},"end":{"line":4,"column":null}},"2":{"start":{"line":5,"column":15},"end":{"line":5,"column":null}},"3":{"start":{"line":6,"column":15},"end":{"line":6,"column":null}},"4":{"start":{"line":9,"column":8},"end":{"line":9,"column":null}},"5":{"start":{"line":14,"column":17},"end":{"line":14,"column":null}},"6":{"start":{"line":14,"column":52},"end":{"line":14,"column":55}},"7":{"start":{"line":17,"column":4},"end":{"line":30,"column":null}},"8":{"start":{"line":18,"column":8},"end":{"line":29,"column":null}},"9":{"start":{"line":20,"column":16},"end":{"line":20,"column":null}},"10":{"start":{"line":22,"column":16},"end":{"line":22,"column":null}},"11":{"start":{"line":24,"column":16},"end":{"line":24,"column":null}},"12":{"start":{"line":26,"column":16},"end":{"line":26,"column":null}},"13":{"start":{"line":28,"column":16},"end":{"line":28,"column":null}},"14":{"start":{"line":33,"column":4},"end":{"line":38,"column":null}},"15":{"start":{"line":34,"column":8},"end":{"line":37,"column":null}}},"fnMap":{"0":{"name":"(anonymous_0)","decl":{"start":{"line":3,"column":4},"end":{"line":3,"column":null}},"loc":{"start":{"line":7,"column":6},"end":{"line":10,"column":null}},"line":7},"1":{"name":"handleApiError","decl":{"start":{"line":13,"column":22},"end":{"line":13,"column":37}},"loc":{"start":{"line":13,"column":57},"end":{"line":39,"column":null}},"line":13},"2":{"name":"(anonymous_2)","decl":{"start":{"line":14,"column":45},"end":{"line":14,"column":52}},"loc":{"start":{"line":14,"column":52},"end":{"line":14,"column":55}},"line":14}},"branchMap":{"0":{"loc":{"start":{"line":17,"column":4},"end":{"line":30,"column":null}},"type":"if","locations":[{"start":{"line":17,"column":4},"end":{"line":30,"column":null}},{"start":{},"end":{}}],"line":17},"1":{"loc":{"start":{"line":17,"column":8},"end":{"line":17,"column":57}},"type":"binary-expr","locations":[{"start":{"line":17,"column":8},"end":{"line":17,"column":34}},{"start":{"line":17,"column":34},"end":{"line":17,"column":57}}],"line":17},"2":{"loc":{"start":{"line":18,"column":8},"end":{"line":29,"column":null}},"type":"switch","locations":[{"start":{"line":19,"column":12},"end":{"line":20,"column":null}},{"start":{"line":21,"column":12},"end":{"line":22,"column":null}},{"start":{"line":23,"column":12},"end":{"line":24,"column":null}},{"start":{"line":25,"column":12},"end":{"line":26,"column":null}},{"start":{"line":27,"column":12},"end":{"line":28,"column":null}}],"line":18},"3":{"loc":{"start":{"line":20,"column":40},"end":{"line":20,"column":73}},"type":"binary-expr","locations":[{"start":{"line":20,"column":40},"end":{"line":20,"column":56}},{"start":{"line":20,"column":56},"end":{"line":20,"column":73}}],"line":20},"4":{"loc":{"start":{"line":28,"column":52},"end":{"line":28,"column":84}},"type":"binary-expr","locations":[{"start":{"line":28,"column":52},"end":{"line":28,"column":68}},{"start":{"line":28,"column":68},"end":{"line":28,"column":84}}],"line":28},"5":{"loc":{"start":{"line":33,"column":4},"end":{"line":38,"column":null}},"type":"if","locations":[{"start":{"line":33,"column":4},"end":{"line":38,"column":null}},{"start":{},"end":{}}],"line":33}},"s":{"0":0,"1":0,"2":0,"3":0,"4":0,"5":0,"6":0,"7":0,"8":0,"9":0,"10":0,"11":0,"12":0,"13":0,"14":0,"15":0},"f":{"0":0,"1":0,"2":0},"b":{"0":[0,0],"1":[0,0],"2":[0,0,0,0,0],"3":[0,0],"4":[0,0],"5":[0,0]},"meta":{"lastBranch":6,"lastFunction":3,"lastStatement":16,"seen":{"f:3:4:3:Infinity":0,"s:8:8:8:Infinity":0,"s:4:15:4:Infinity":1,"s:5:15:5:Infinity":2,"s:6:15:6:Infinity":3,"s:9:8:9:Infinity":4,"f:13:22:13:37":1,"s:14:17:14:Infinity":5,"f:14:45:14:52":2,"s:14:52:14:55":6,"b:17:4:30:Infinity:undefined:undefined:undefined:undefined":0,"s:17:4:30:Infinity":7,"b:17:8:17:34:17:34:17:57":1,"b:19:12:20:Infinity:21:12:22:Infinity:23:12:24:Infinity:25:12:26:Infinity:27:12:28:Infinity":2,"s:18:8:29:Infinity":8,"s:20:16:20:Infinity":9,"b:20:40:20:56:20:56:20:73":3,"s:22:16:22:Infinity":10,"s:24:16:24:Infinity":11,"s:26:16:26:Infinity":12,"s:28:16:28:Infinity":13,"b:28:52:28:68:28:68:28:84":4,"b:33:4:38:Infinity:undefined:undefined:undefined:undefined":5,"s:33:4:38:Infinity":14,"s:34:8:37:Infinity":15}}}
,"C:\\Users\\bizzh\\Music\\venkatesh-personal\\ReactTesting\\src\\utils\\math.ts": {"path":"C:\\Users\\bizzh\\Music\\venkatesh-personal\\ReactTesting\\src\\utils\\math.ts","statementMap":{"0":{"start":{"line":2,"column":4},"end":{"line":2,"column":null}},"1":{"start":{"line":6,"column":4},"end":{"line":6,"column":null}},"2":{"start":{"line":10,"column":4},"end":{"line":12,"column":null}},"3":{"start":{"line":11,"column":8},"end":{"line":11,"column":null}},"4":{"start":{"line":13,"column":4},"end":{"line":13,"column":null}},"5":{"start":{"line":17,"column":4},"end":{"line":19,"column":null}},"6":{"start":{"line":18,"column":8},"end":{"line":18,"column":null}},"7":{"start":{"line":20,"column":4},"end":{"line":20,"column":null}},"8":{"start":{"line":24,"column":4},"end":{"line":26,"column":null}},"9":{"start":{"line":25,"column":8},"end":{"line":25,"column":null}},"10":{"start":{"line":27,"column":4},"end":{"line":27,"column":null}},"11":{"start":{"line":31,"column":4},"end":{"line":31,"column":null}},"12":{"start":{"line":36,"column":4},"end":{"line":38,"column":null}},"13":{"start":{"line":37,"column":8},"end":{"line":37,"column":null}},"14":{"start":{"line":40,"column":16},"end":{"line":40,"column":null}},"15":{"start":{"line":40,"column":45},"end":{"line":40,"column":56}},"16":{"start":{"line":41,"column":4},"end":{"line":41,"column":null}}},"fnMap":{"0":{"name":"add","decl":{"start":{"line":1,"column":16},"end":{"line":1,"column":20}},"loc":{"start":{"line":1,"column":50},"end":{"line":3,"column":null}},"line":1},"1":{"name":"multiply","decl":{"start":{"line":5,"column":16},"end":{"line":5,"column":25}},"loc":{"start":{"line":5,"column":55},"end":{"line":7,"column":null}},"line":5},"2":{"name":"divide","decl":{"start":{"line":9,"column":16},"end":{"line":9,"column":23}},"loc":{"start":{"line":9,"column":53},"end":{"line":14,"column":null}},"line":9},"3":{"name":"remainder","decl":{"start":{"line":16,"column":16},"end":{"line":16,"column":26}},"loc":{"start":{"line":16,"column":56},"end":{"line":21,"column":null}},"line":16},"4":{"name":"percentage","decl":{"start":{"line":23,"column":16},"end":{"line":23,"column":27}},"loc":{"start":{"line":23,"column":65},"end":{"line":28,"column":null}},"line":23},"5":{"name":"clamp","decl":{"start":{"line":30,"column":16},"end":{"line":30,"column":22}},"loc":{"start":{"line":30,"column":71},"end":{"line":32,"column":null}},"line":30},"6":{"name":"average","decl":{"start":{"line":35,"column":16},"end":{"line":35,"column":24}},"loc":{"start":{"line":35,"column":51},"end":{"line":42,"column":null}},"line":35},"7":{"name":"(anonymous_7)","decl":{"start":{"line":40,"column":31},"end":{"line":40,"column":32}},"loc":{"start":{"line":40,"column":45},"end":{"line":40,"column":56}},"line":40}},"branchMap":{"0":{"loc":{"start":{"line":10,"column":4},"end":{"line":12,"column":null}},"type":"if","locations":[{"start":{"line":10,"column":4},"end":{"line":12,"column":null}},{"start":{},"end":{}}],"line":10},"1":{"loc":{"start":{"line":17,"column":4},"end":{"line":19,"column":null}},"type":"if","locations":[{"start":{"line":17,"column":4},"end":{"line":19,"column":null}},{"start":{},"end":{}}],"line":17},"2":{"loc":{"start":{"line":24,"column":4},"end":{"line":26,"column":null}},"type":"if","locations":[{"start":{"line":24,"column":4},"end":{"line":26,"column":null}},{"start":{},"end":{}}],"line":24},"3":{"loc":{"start":{"line":36,"column":4},"end":{"line":38,"column":null}},"type":"if","locations":[{"start":{"line":36,"column":4},"end":{"line":38,"column":null}},{"start":{},"end":{}}],"line":36}},"s":{"0":6,"1":6,"2":6,"3":2,"4":4,"5":6,"6":1,"7":5,"8":5,"9":1,"10":4,"11":10,"12":8,"13":1,"14":7,"15":1017,"16":7},"f":{"0":6,"1":6,"2":6,"3":6,"4":5,"5":10,"6":8,"7":1017},"b":{"0":[2,4],"1":[1,5],"2":[1,4],"3":[1,7]},"meta":{"lastBranch":4,"lastFunction":8,"lastStatement":17,"seen":{"f:1:16:1:20":0,"s:2:4:2:Infinity":0,"f:5:16:5:25":1,"s:6:4:6:Infinity":1,"f:9:16:9:23":2,"b:10:4:12:Infinity:undefined:undefined:undefined:undefined":0,"s:10:4:12:Infinity":2,"s:11:8:11:Infinity":3,"s:13:4:13:Infinity":4,"f:16:16:16:26":3,"b:17:4:19:Infinity:undefined:undefined:undefined:undefined":1,"s:17:4:19:Infinity":5,"s:18:8:18:Infinity":6,"s:20:4:20:Infinity":7,"f:23:16:23:27":4,"b:24:4:26:Infinity:undefined:undefined:undefined:undefined":2,"s:24:4:26:Infinity":8,"s:25:8:25:Infinity":9,"s:27:4:27:Infinity":10,"f:30:16:30:22":5,"s:31:4:31:Infinity":11,"f:35:16:35:24":6,"b:36:4:38:Infinity:undefined:undefined:undefined:undefined":3,"s:36:4:38:Infinity":12,"s:37:8:37:Infinity":13,"s:40:16:40:Infinity":14,"f:40:31:40:32":7,"s:40:45:40:56":15,"s:41:4:41:Infinity":16}}}
,"C:\\Users\\bizzh\\Music\\venkatesh-personal\\ReactTesting\\src\\utils\\string.ts": {"path":"C:\\Users\\bizzh\\Music\\venkatesh-personal\\ReactTesting\\src\\utils\\string.ts","statementMap":{"0":{"start":{"line":2,"column":4},"end":{"line":2,"column":null}},"1":{"start":{"line":2,"column":14},"end":{"line":2,"column":null}},"2":{"start":{"line":3,"column":4},"end":{"line":3,"column":null}},"3":{"start":{"line":7,"column":4},"end":{"line":7,"column":null}},"4":{"start":{"line":7,"column":33},"end":{"line":7,"column":null}},"5":{"start":{"line":8,"column":4},"end":{"line":8,"column":null}},"6":{"start":{"line":12,"column":4},"end":{"line":16,"column":null}},"7":{"start":{"line":20,"column":23},"end":{"line":20,"column":null}},"8":{"start":{"line":21,"column":4},"end":{"line":21,"column":null}},"9":{"start":{"line":25,"column":4},"end":{"line":25,"column":null}},"10":{"start":{"line":25,"column":21},"end":{"line":25,"column":null}},"11":{"start":{"line":29,"column":4},"end":{"line":29,"column":null}},"12":{"start":{"line":33,"column":4},"end":{"line":33,"column":null}}},"fnMap":{"0":{"name":"capitalize","decl":{"start":{"line":1,"column":16},"end":{"line":1,"column":27}},"loc":{"start":{"line":1,"column":48},"end":{"line":4,"column":null}},"line":1},"1":{"name":"truncate","decl":{"start":{"line":6,"column":16},"end":{"line":6,"column":25}},"loc":{"start":{"line":6,"column":65},"end":{"line":9,"column":null}},"line":6},"2":{"name":"slugify","decl":{"start":{"line":11,"column":16},"end":{"line":11,"column":24}},"loc":{"start":{"line":11,"column":45},"end":{"line":17,"column":null}},"line":11},"3":{"name":"isEmail","decl":{"start":{"line":19,"column":16},"end":{"line":19,"column":24}},"loc":{"start":{"line":19,"column":46},"end":{"line":22,"column":null}},"line":19},"4":{"name":"countWords","decl":{"start":{"line":24,"column":16},"end":{"line":24,"column":27}},"loc":{"start":{"line":24,"column":48},"end":{"line":30,"column":null}},"line":24},"5":{"name":"reverseString","decl":{"start":{"line":32,"column":16},"end":{"line":32,"column":30}},"loc":{"start":{"line":32,"column":51},"end":{"line":34,"column":null}},"line":32}},"branchMap":{"0":{"loc":{"start":{"line":2,"column":4},"end":{"line":2,"column":null}},"type":"if","locations":[{"start":{"line":2,"column":4},"end":{"line":2,"column":null}},{"start":{},"end":{}}],"line":2},"1":{"loc":{"start":{"line":7,"column":4},"end":{"line":7,"column":null}},"type":"if","locations":[{"start":{"line":7,"column":4},"end":{"line":7,"column":null}},{"start":{},"end":{}}],"line":7},"2":{"loc":{"start":{"line":25,"column":4},"end":{"line":25,"column":null}},"type":"if","locations":[{"start":{"line":25,"column":4},"end":{"line":25,"column":null}},{"start":{},"end":{}}],"line":25}},"s":{"0":8,"1":2,"2":6,"3":7,"4":4,"5":3,"6":9,"7":9,"8":9,"9":7,"10":2,"11":5,"12":6},"f":{"0":8,"1":7,"2":9,"3":9,"4":7,"5":6},"b":{"0":[2,6],"1":[4,3],"2":[2,5]},"meta":{"lastBranch":3,"lastFunction":6,"lastStatement":13,"seen":{"f:1:16:1:27":0,"b:2:4:2:Infinity:undefined:undefined:undefined:undefined":0,"s:2:4:2:Infinity":0,"s:2:14:2:Infinity":1,"s:3:4:3:Infinity":2,"f:6:16:6:25":1,"b:7:4:7:Infinity:undefined:undefined:undefined:undefined":1,"s:7:4:7:Infinity":3,"s:7:33:7:Infinity":4,"s:8:4:8:Infinity":5,"f:11:16:11:24":2,"s:12:4:16:Infinity":6,"f:19:16:19:24":3,"s:20:23:20:Infinity":7,"s:21:4:21:Infinity":8,"f:24:16:24:27":4,"b:25:4:25:Infinity:undefined:undefined:undefined:undefined":2,"s:25:4:25:Infinity":9,"s:25:21:25:Infinity":10,"s:29:4:29:Infinity":11,"f:32:16:32:30":5,"s:33:4:33:Infinity":12}}}
}
